{"level":"info","message":"Starting Fluff...","timestamp":"2014-12-03T07:57:04.279Z"}
{"level":"info","message":"DB URI looks ok.","timestamp":"2014-12-03T07:57:04.296Z"}
{"level":"info","message":"Connecting to mongodb://localhost:27017/fluff","timestamp":"2014-12-03T07:57:04.296Z"}
{"level":"info","message":"DB has 8 collections.","timestamp":"2014-12-03T07:57:04.318Z"}
{"level":"info","message":"Setting up the required schemas...","timestamp":"2014-12-03T07:57:04.318Z"}
{"level":"info","message":"Detected plugins: avb.io, aws, bantr, example, keypair.io, mandrill","timestamp":"2014-12-03T07:57:04.342Z"}
{"level":"info","message":"Initialized avb.io plugin.","timestamp":"2014-12-03T07:57:04.349Z"}
{"level":"info","message":"Initialized aws plugin.","timestamp":"2014-12-03T07:57:04.396Z"}
{"level":"info","message":"Initialized bantr plugin.","timestamp":"2014-12-03T07:57:04.612Z"}
{"level":"info","message":"I'm the example plugin.","timestamp":"2014-12-03T07:57:04.614Z"}
{"level":"info","message":"Initialized example plugin.","timestamp":"2014-12-03T07:57:04.615Z"}
{"level":"info","message":"Initialized keypair.io plugin.","timestamp":"2014-12-03T07:57:04.640Z"}
{"level":"info","message":"I'm the Mandrill plugin.","timestamp":"2014-12-03T07:57:04.644Z"}
{"level":"info","message":"Initialized mandrill plugin.","timestamp":"2014-12-03T07:57:04.645Z"}
{"level":"info","message":"Loading config...","timestamp":"2014-12-03T07:57:04.645Z"}
{"level":"info","message":"Loaded complete config.","timestamp":"2014-12-03T07:57:04.652Z"}
{"level":"info","message":"Loading models from DB...","timestamp":"2014-12-03T07:57:04.652Z"}
{"level":"info","message":"Loaded model: Things","timestamp":"2014-12-03T07:57:04.657Z"}
{"level":"info","message":"Loaded avb.io plugin.","timestamp":"2014-12-03T07:57:04.659Z"}
{"level":"info","message":"Loaded aws plugin.","timestamp":"2014-12-03T07:57:04.660Z"}
{"level":"info","message":"Loaded bantr plugin.","timestamp":"2014-12-03T07:57:04.660Z"}
{"level":"info","message":"Loaded example plugin.","timestamp":"2014-12-03T07:57:04.661Z"}
{"level":"info","message":"Loaded keypair.io plugin.","timestamp":"2014-12-03T07:57:04.661Z"}
{"level":"info","message":"Loaded mandrill plugin.","timestamp":"2014-12-03T07:57:04.661Z"}
{"level":"info","message":"Adding routes for models...","timestamp":"2014-12-03T07:57:04.663Z"}
{"level":"info","message":"Now listening on port 3000 at Tue Dec 02 2014 23:57:04 GMT-0800 (PST).","timestamp":"2014-12-03T07:57:04.669Z"}
{"level":"info","message":"Admin is located at /fluff/admin.","timestamp":"2014-12-03T07:57:04.669Z"}
{"level":"info","message":"Public files are located at /fluff/js,css,images,fonts,files.","timestamp":"2014-12-03T07:57:04.669Z"}
{"level":"info","message":"Fluff is up.","timestamp":"2014-12-03T07:57:04.669Z"}
{"level":"info","message":"No post launch callback.","timestamp":"2014-12-03T07:57:04.669Z"}
