{"level":"info","message":"REQ HEADERS: {\"host\":\"localhost:3000\",\"accept\":\"text/html,application/xhtml+xml,application/xml;q=0.9,*/*;q=0.8\",\"connection\":\"keep-alive\",\"cookie\":\"connect.sid=s%3AIYdAfO-4MvXIDwTF87hS9aJS0ZDaUvro.1PHPlLLhIXSnh0dXAFQsuWwN2cOYJJ6UddnzlbAUzf8\",\"user-agent\":\"Mozilla/5.0 (Macintosh; Intel Mac OS X 10_10_2) AppleWebKit/600.3.5 (KHTML, like Gecko) Version/8.0.2 Safari/600.3.5\",\"accept-language\":\"en-us\",\"cache-control\":\"max-age=0\",\"accept-encoding\":\"gzip, deflate\"}","timestamp":"2014-12-03T07:39:14.834Z"}
{"level":"info","message":"REQ QUERY: {}","timestamp":"2014-12-03T07:39:14.834Z"}
{"level":"info","message":"EXTERNAL URL IS http://localhost:3000/fluff/admin/","timestamp":"2014-12-03T07:39:14.834Z"}
{"level":"info","message":"SSL IS [false]","timestamp":"2014-12-03T07:39:14.834Z"}
{"level":"info","message":"API key not required.","timestamp":"2014-12-03T07:39:14.834Z"}
{"level":"info","message":"CSRF on server: pT701Fl5SAv4j4raUrmxFkgd for session IYdAfO-4MvXIDwTF87hS9aJS0ZDaUvro for admin@domain.com","timestamp":"2014-12-03T07:39:14.834Z"}
{"level":"info","message":"CSRF from client: undefined","timestamp":"2014-12-03T07:39:14.834Z"}
{"level":"info","message":"CSRF NOT REQUIRED","timestamp":"2014-12-03T07:39:14.834Z"}
{"level":"info","message":"Looking up pages...","timestamp":"2014-12-03T07:39:14.834Z"}
{"level":"info","message":"MIME type is text/html","timestamp":"2014-12-03T07:39:14.835Z"}
{"level":"info","message":"**** NEW REQUEST ****","timestamp":"2014-12-03T07:39:14.852Z"}
{"level":"info","message":"REQ GET: /fluff/css/jquery-ui.css from 127.0.0.1","timestamp":"2014-12-03T07:39:14.853Z"}
{"level":"info","message":"REQ BODY: {}","timestamp":"2014-12-03T07:39:14.853Z"}
{"level":"info","message":"REQ HEADERS: {\"host\":\"localhost:3000\",\"accept-encoding\":\"gzip, deflate\",\"cookie\":\"connect.sid=s%3AIYdAfO-4MvXIDwTF87hS9aJS0ZDaUvro.1PHPlLLhIXSnh0dXAFQsuWwN2cOYJJ6UddnzlbAUzf8\",\"connection\":\"keep-alive\",\"if-none-match\":\"W/\\\"4fe8-1287238481\\\"\",\"accept\":\"text/css,*/*;q=0.1\",\"if-modified-since\":\"Tue, 17 Dec 2013 17:22:02 GMT\",\"user-agent\":\"Mozilla/5.0 (Macintosh; Intel Mac OS X 10_10_2) AppleWebKit/600.3.5 (KHTML, like Gecko) Version/8.0.2 Safari/600.3.5\",\"referer\":\"http://localhost:3000/fluff/admin/\",\"cache-control\":\"max-age=0\",\"accept-language\":\"en-us\"}","timestamp":"2014-12-03T07:39:14.853Z"}
{"level":"info","message":"REQ QUERY: {}","timestamp":"2014-12-03T07:39:14.853Z"}
{"level":"info","message":"EXTERNAL URL IS http://localhost:3000/fluff/css/jquery-ui.css","timestamp":"2014-12-03T07:39:14.853Z"}
{"level":"info","message":"SSL IS [false]","timestamp":"2014-12-03T07:39:14.853Z"}
{"level":"info","message":"API key not required.","timestamp":"2014-12-03T07:39:14.853Z"}
{"level":"info","message":"CSRF on server: pT701Fl5SAv4j4raUrmxFkgd for session IYdAfO-4MvXIDwTF87hS9aJS0ZDaUvro for admin@domain.com","timestamp":"2014-12-03T07:39:14.853Z"}
{"level":"info","message":"CSRF from client: undefined","timestamp":"2014-12-03T07:39:14.853Z"}
{"level":"info","message":"CSRF NOT REQUIRED","timestamp":"2014-12-03T07:39:14.853Z"}
{"level":"info","message":"Looking up pages...","timestamp":"2014-12-03T07:39:14.853Z"}
{"level":"info","message":"MIME type is text/css","timestamp":"2014-12-03T07:39:14.855Z"}
{"level":"info","message":"**** NEW REQUEST ****","timestamp":"2014-12-03T07:39:14.857Z"}
{"level":"info","message":"REQ GET: /fluff/css/bootstrap.css from 127.0.0.1","timestamp":"2014-12-03T07:39:14.857Z"}
{"level":"info","message":"REQ BODY: {}","timestamp":"2014-12-03T07:39:14.857Z"}
{"level":"info","message":"REQ HEADERS: {\"host\":\"localhost:3000\",\"accept-encoding\":\"gzip, deflate\",\"cookie\":\"connect.sid=s%3AIYdAfO-4MvXIDwTF87hS9aJS0ZDaUvro.1PHPlLLhIXSnh0dXAFQsuWwN2cOYJJ6UddnzlbAUzf8\",\"connection\":\"keep-alive\",\"if-none-match\":\"W/\\\"1abce-1246558897\\\"\",\"accept\":\"text/css,*/*;q=0.1\",\"if-modified-since\":\"Thu, 26 Jun 2014 16:14:11 GMT\",\"user-agent\":\"Mozilla/5.0 (Macintosh; Intel Mac OS X 10_10_2) AppleWebKit/600.3.5 (KHTML, like Gecko) Version/8.0.2 Safari/600.3.5\",\"referer\":\"http://localhost:3000/fluff/admin/\",\"cache-control\":\"max-age=0\",\"accept-language\":\"en-us\"}","timestamp":"2014-12-03T07:39:14.857Z"}
{"level":"info","message":"REQ QUERY: {}","timestamp":"2014-12-03T07:39:14.857Z"}
{"level":"info","message":"EXTERNAL URL IS http://localhost:3000/fluff/css/bootstrap.css","timestamp":"2014-12-03T07:39:14.857Z"}
{"level":"info","message":"SSL IS [false]","timestamp":"2014-12-03T07:39:14.857Z"}
{"level":"info","message":"API key not required.","timestamp":"2014-12-03T07:39:14.857Z"}
{"level":"info","message":"CSRF on server: pT701Fl5SAv4j4raUrmxFkgd for session IYdAfO-4MvXIDwTF87hS9aJS0ZDaUvro for admin@domain.com","timestamp":"2014-12-03T07:39:14.858Z"}
{"level":"info","message":"CSRF from client: undefined","timestamp":"2014-12-03T07:39:14.858Z"}
{"level":"info","message":"CSRF NOT REQUIRED","timestamp":"2014-12-03T07:39:14.858Z"}
{"level":"info","message":"Looking up pages...","timestamp":"2014-12-03T07:39:14.858Z"}
{"level":"info","message":"**** NEW REQUEST ****","timestamp":"2014-12-03T07:39:14.859Z"}
{"level":"info","message":"REQ GET: /fluff/css/bootstrap-glyphicons.css from 127.0.0.1","timestamp":"2014-12-03T07:39:14.859Z"}
{"level":"info","message":"REQ BODY: {}","timestamp":"2014-12-03T07:39:14.859Z"}
{"level":"info","message":"REQ HEADERS: {\"host\":\"localhost:3000\",\"accept-encoding\":\"gzip, deflate\",\"cookie\":\"connect.sid=s%3AIYdAfO-4MvXIDwTF87hS9aJS0ZDaUvro.1PHPlLLhIXSnh0dXAFQsuWwN2cOYJJ6UddnzlbAUzf8\",\"connection\":\"keep-alive\",\"if-none-match\":\"W/\\\"1da3-394994219\\\"\",\"accept\":\"text/css,*/*;q=0.1\",\"if-modified-since\":\"Sat, 27 Jul 2013 03:11:00 GMT\",\"user-agent\":\"Mozilla/5.0 (Macintosh; Intel Mac OS X 10_10_2) AppleWebKit/600.3.5 (KHTML, like Gecko) Version/8.0.2 Safari/600.3.5\",\"referer\":\"http://localhost:3000/fluff/admin/\",\"cache-control\":\"max-age=0\",\"accept-language\":\"en-us\"}","timestamp":"2014-12-03T07:39:14.859Z"}
{"level":"info","message":"REQ QUERY: {}","timestamp":"2014-12-03T07:39:14.860Z"}
{"level":"info","message":"EXTERNAL URL IS http://localhost:3000/fluff/css/bootstrap-glyphicons.css","timestamp":"2014-12-03T07:39:14.860Z"}
{"level":"info","message":"SSL IS [false]","timestamp":"2014-12-03T07:39:14.860Z"}
{"level":"info","message":"API key not required.","timestamp":"2014-12-03T07:39:14.860Z"}
{"level":"info","message":"CSRF on server: pT701Fl5SAv4j4raUrmxFkgd for session IYdAfO-4MvXIDwTF87hS9aJS0ZDaUvro for admin@domain.com","timestamp":"2014-12-03T07:39:14.860Z"}
{"level":"info","message":"CSRF from client: undefined","timestamp":"2014-12-03T07:39:14.860Z"}
{"level":"info","message":"CSRF NOT REQUIRED","timestamp":"2014-12-03T07:39:14.860Z"}
{"level":"info","message":"Looking up pages...","timestamp":"2014-12-03T07:39:14.860Z"}
{"level":"info","message":"**** NEW REQUEST ****","timestamp":"2014-12-03T07:39:14.860Z"}
{"level":"info","message":"REQ GET: /fluff/css/admin.css from 127.0.0.1","timestamp":"2014-12-03T07:39:14.861Z"}
{"level":"info","message":"REQ BODY: {}","timestamp":"2014-12-03T07:39:14.861Z"}
{"level":"info","message":"REQ HEADERS: {\"host\":\"localhost:3000\",\"accept-encoding\":\"gzip, deflate\",\"cookie\":\"connect.sid=s%3AIYdAfO-4MvXIDwTF87hS9aJS0ZDaUvro.1PHPlLLhIXSnh0dXAFQsuWwN2cOYJJ6UddnzlbAUzf8\",\"connection\":\"keep-alive\",\"if-none-match\":\"W/\\\"a72-2505059885\\\"\",\"accept\":\"text/css,*/*;q=0.1\",\"if-modified-since\":\"Tue, 18 Nov 2014 20:22:27 GMT\",\"user-agent\":\"Mozilla/5.0 (Macintosh; Intel Mac OS X 10_10_2) AppleWebKit/600.3.5 (KHTML, like Gecko) Version/8.0.2 Safari/600.3.5\",\"referer\":\"http://localhost:3000/fluff/admin/\",\"cache-control\":\"max-age=0\",\"accept-language\":\"en-us\"}","timestamp":"2014-12-03T07:39:14.861Z"}
{"level":"info","message":"REQ QUERY: {}","timestamp":"2014-12-03T07:39:14.861Z"}
{"level":"info","message":"EXTERNAL URL IS http://localhost:3000/fluff/css/admin.css","timestamp":"2014-12-03T07:39:14.861Z"}
{"level":"info","message":"SSL IS [false]","timestamp":"2014-12-03T07:39:14.861Z"}
{"level":"info","message":"API key not required.","timestamp":"2014-12-03T07:39:14.861Z"}
{"level":"info","message":"CSRF on server: pT701Fl5SAv4j4raUrmxFkgd for session IYdAfO-4MvXIDwTF87hS9aJS0ZDaUvro for admin@domain.com","timestamp":"2014-12-03T07:39:14.861Z"}
{"level":"info","message":"CSRF from client: undefined","timestamp":"2014-12-03T07:39:14.861Z"}
{"level":"info","message":"CSRF NOT REQUIRED","timestamp":"2014-12-03T07:39:14.861Z"}
{"level":"info","message":"Looking up pages...","timestamp":"2014-12-03T07:39:14.861Z"}
{"level":"info","message":"**** NEW REQUEST ****","timestamp":"2014-12-03T07:39:14.861Z"}
{"level":"info","message":"REQ GET: /fluff/js/underscore.js from 127.0.0.1","timestamp":"2014-12-03T07:39:14.861Z"}
{"level":"info","message":"REQ BODY: {}","timestamp":"2014-12-03T07:39:14.861Z"}
{"level":"info","message":"REQ HEADERS: {\"host\":\"localhost:3000\",\"accept-encoding\":\"gzip, deflate\",\"cookie\":\"connect.sid=s%3AIYdAfO-4MvXIDwTF87hS9aJS0ZDaUvro.1PHPlLLhIXSnh0dXAFQsuWwN2cOYJJ6UddnzlbAUzf8\",\"connection\":\"keep-alive\",\"if-none-match\":\"W/\\\"373b-2931244539\\\"\",\"accept\":\"*/*\",\"if-modified-since\":\"Thu, 01 Aug 2013 00:22:57 GMT\",\"user-agent\":\"Mozilla/5.0 (Macintosh; Intel Mac OS X 10_10_2) AppleWebKit/600.3.5 (KHTML, like Gecko) Version/8.0.2 Safari/600.3.5\",\"referer\":\"http://localhost:3000/fluff/admin/\",\"cache-control\":\"max-age=0\",\"accept-language\":\"en-us\"}","timestamp":"2014-12-03T07:39:14.862Z"}
{"level":"info","message":"REQ QUERY: {}","timestamp":"2014-12-03T07:39:14.862Z"}
{"level":"info","message":"EXTERNAL URL IS http://localhost:3000/fluff/js/underscore.js","timestamp":"2014-12-03T07:39:14.862Z"}
{"level":"info","message":"SSL IS [false]","timestamp":"2014-12-03T07:39:14.862Z"}
{"level":"info","message":"API key not required.","timestamp":"2014-12-03T07:39:14.862Z"}
{"level":"info","message":"CSRF on server: pT701Fl5SAv4j4raUrmxFkgd for session IYdAfO-4MvXIDwTF87hS9aJS0ZDaUvro for admin@domain.com","timestamp":"2014-12-03T07:39:14.862Z"}
{"level":"info","message":"CSRF from client: undefined","timestamp":"2014-12-03T07:39:14.862Z"}
{"level":"info","message":"CSRF NOT REQUIRED","timestamp":"2014-12-03T07:39:14.862Z"}
{"level":"info","message":"Looking up pages...","timestamp":"2014-12-03T07:39:14.862Z"}
{"level":"info","message":"**** NEW REQUEST ****","timestamp":"2014-12-03T07:39:14.862Z"}
{"level":"info","message":"REQ GET: /fluff/css/handsontable.css from 127.0.0.1","timestamp":"2014-12-03T07:39:14.862Z"}
{"level":"info","message":"REQ BODY: {}","timestamp":"2014-12-03T07:39:14.862Z"}
{"level":"info","message":"REQ HEADERS: {\"host\":\"localhost:3000\",\"accept-encoding\":\"gzip, deflate\",\"cookie\":\"connect.sid=s%3AIYdAfO-4MvXIDwTF87hS9aJS0ZDaUvro.1PHPlLLhIXSnh0dXAFQsuWwN2cOYJJ6UddnzlbAUzf8\",\"connection\":\"keep-alive\",\"if-none-match\":\"W/\\\"2de2-4015568500\\\"\",\"accept\":\"text/css,*/*;q=0.1\",\"if-modified-since\":\"Tue, 20 Aug 2013 13:42:20 GMT\",\"user-agent\":\"Mozilla/5.0 (Macintosh; Intel Mac OS X 10_10_2) AppleWebKit/600.3.5 (KHTML, like Gecko) Version/8.0.2 Safari/600.3.5\",\"referer\":\"http://localhost:3000/fluff/admin/\",\"cache-control\":\"max-age=0\",\"accept-language\":\"en-us\"}","timestamp":"2014-12-03T07:39:14.862Z"}
{"level":"info","message":"REQ QUERY: {}","timestamp":"2014-12-03T07:39:14.862Z"}
{"level":"info","message":"EXTERNAL URL IS http://localhost:3000/fluff/css/handsontable.css","timestamp":"2014-12-03T07:39:14.862Z"}
{"level":"info","message":"SSL IS [false]","timestamp":"2014-12-03T07:39:14.863Z"}
{"level":"info","message":"API key not required.","timestamp":"2014-12-03T07:39:14.863Z"}
{"level":"info","message":"CSRF on server: pT701Fl5SAv4j4raUrmxFkgd for session IYdAfO-4MvXIDwTF87hS9aJS0ZDaUvro for admin@domain.com","timestamp":"2014-12-03T07:39:14.863Z"}
{"level":"info","message":"CSRF from client: undefined","timestamp":"2014-12-03T07:39:14.863Z"}
{"level":"info","message":"CSRF NOT REQUIRED","timestamp":"2014-12-03T07:39:14.863Z"}
{"level":"info","message":"Looking up pages...","timestamp":"2014-12-03T07:39:14.863Z"}
{"level":"info","message":"**** NEW REQUEST ****","timestamp":"2014-12-03T07:39:14.863Z"}
{"level":"info","message":"REQ GET: /fluff/js/jquery.js from 127.0.0.1","timestamp":"2014-12-03T07:39:14.863Z"}
{"level":"info","message":"REQ BODY: {}","timestamp":"2014-12-03T07:39:14.863Z"}
{"level":"info","message":"REQ HEADERS: {\"host\":\"localhost:3000\",\"accept-encoding\":\"gzip, deflate\",\"cookie\":\"connect.sid=s%3AIYdAfO-4MvXIDwTF87hS9aJS0ZDaUvro.1PHPlLLhIXSnh0dXAFQsuWwN2cOYJJ6UddnzlbAUzf8\",\"connection\":\"keep-alive\",\"if-none-match\":\"W/\\\"1469c-2638489029\\\"\",\"accept\":\"*/*\",\"if-modified-since\":\"Thu, 01 Aug 2013 00:20:50 GMT\",\"user-agent\":\"Mozilla/5.0 (Macintosh; Intel Mac OS X 10_10_2) AppleWebKit/600.3.5 (KHTML, like Gecko) Version/8.0.2 Safari/600.3.5\",\"referer\":\"http://localhost:3000/fluff/admin/\",\"cache-control\":\"max-age=0\",\"accept-language\":\"en-us\"}","timestamp":"2014-12-03T07:39:14.863Z"}
{"level":"info","message":"REQ QUERY: {}","timestamp":"2014-12-03T07:39:14.863Z"}
{"level":"info","message":"EXTERNAL URL IS http://localhost:3000/fluff/js/jquery.js","timestamp":"2014-12-03T07:39:14.863Z"}
{"level":"info","message":"SSL IS [false]","timestamp":"2014-12-03T07:39:14.863Z"}
{"level":"info","message":"API key not required.","timestamp":"2014-12-03T07:39:14.863Z"}
{"level":"info","message":"CSRF on server: pT701Fl5SAv4j4raUrmxFkgd for session IYdAfO-4MvXIDwTF87hS9aJS0ZDaUvro for admin@domain.com","timestamp":"2014-12-03T07:39:14.864Z"}
{"level":"info","message":"CSRF from client: undefined","timestamp":"2014-12-03T07:39:14.864Z"}
{"level":"info","message":"CSRF NOT REQUIRED","timestamp":"2014-12-03T07:39:14.864Z"}
{"level":"info","message":"Looking up pages...","timestamp":"2014-12-03T07:39:14.864Z"}
{"level":"info","message":"MIME type is text/css","timestamp":"2014-12-03T07:39:14.864Z"}
{"level":"info","message":"MIME type is text/css","timestamp":"2014-12-03T07:39:14.864Z"}
{"level":"info","message":"MIME type is text/css","timestamp":"2014-12-03T07:39:14.865Z"}
{"level":"info","message":"MIME type is application/javascript","timestamp":"2014-12-03T07:39:14.865Z"}
{"level":"info","message":"MIME type is text/css","timestamp":"2014-12-03T07:39:14.865Z"}
{"level":"info","message":"MIME type is application/javascript","timestamp":"2014-12-03T07:39:14.866Z"}
{"level":"info","message":"**** NEW REQUEST ****","timestamp":"2014-12-03T07:39:14.870Z"}
{"level":"info","message":"REQ GET: /fluff/js/bootstrap.js from 127.0.0.1","timestamp":"2014-12-03T07:39:14.870Z"}
{"level":"info","message":"REQ BODY: {}","timestamp":"2014-12-03T07:39:14.870Z"}
{"level":"info","message":"REQ HEADERS: {\"host\":\"localhost:3000\",\"accept-encoding\":\"gzip, deflate\",\"cookie\":\"connect.sid=s%3AIYdAfO-4MvXIDwTF87hS9aJS0ZDaUvro.1PHPlLLhIXSnh0dXAFQsuWwN2cOYJJ6UddnzlbAUzf8\",\"connection\":\"keep-alive\",\"if-none-match\":\"W/\\\"7c4b-1246558897\\\"\",\"accept\":\"*/*\",\"if-modified-since\":\"Thu, 26 Jun 2014 16:14:11 GMT\",\"user-agent\":\"Mozilla/5.0 (Macintosh; Intel Mac OS X 10_10_2) AppleWebKit/600.3.5 (KHTML, like Gecko) Version/8.0.2 Safari/600.3.5\",\"referer\":\"http://localhost:3000/fluff/admin/\",\"cache-control\":\"max-age=0\",\"accept-language\":\"en-us\"}","timestamp":"2014-12-03T07:39:14.870Z"}
{"level":"info","message":"REQ QUERY: {}","timestamp":"2014-12-03T07:39:14.870Z"}
{"level":"info","message":"EXTERNAL URL IS http://localhost:3000/fluff/js/bootstrap.js","timestamp":"2014-12-03T07:39:14.870Z"}
{"level":"info","message":"SSL IS [false]","timestamp":"2014-12-03T07:39:14.870Z"}
{"level":"info","message":"API key not required.","timestamp":"2014-12-03T07:39:14.870Z"}
{"level":"info","message":"CSRF on server: pT701Fl5SAv4j4raUrmxFkgd for session IYdAfO-4MvXIDwTF87hS9aJS0ZDaUvro for admin@domain.com","timestamp":"2014-12-03T07:39:14.870Z"}
{"level":"info","message":"CSRF from client: undefined","timestamp":"2014-12-03T07:39:14.870Z"}
{"level":"info","message":"CSRF NOT REQUIRED","timestamp":"2014-12-03T07:39:14.870Z"}
{"level":"info","message":"Looking up pages...","timestamp":"2014-12-03T07:39:14.871Z"}
{"level":"info","message":"**** NEW REQUEST ****","timestamp":"2014-12-03T07:39:14.871Z"}
{"level":"info","message":"REQ GET: /fluff/js/ace/ace.js from 127.0.0.1","timestamp":"2014-12-03T07:39:14.871Z"}
{"level":"info","message":"REQ BODY: {}","timestamp":"2014-12-03T07:39:14.871Z"}
{"level":"info","message":"REQ HEADERS: {\"host\":\"localhost:3000\",\"accept-encoding\":\"gzip, deflate\",\"cookie\":\"connect.sid=s%3AIYdAfO-4MvXIDwTF87hS9aJS0ZDaUvro.1PHPlLLhIXSnh0dXAFQsuWwN2cOYJJ6UddnzlbAUzf8\",\"connection\":\"keep-alive\",\"if-none-match\":\"W/\\\"51ab6-1219181983\\\"\",\"accept\":\"*/*\",\"if-modified-since\":\"Thu, 23 Jan 2014 05:06:06 GMT\",\"user-agent\":\"Mozilla/5.0 (Macintosh; Intel Mac OS X 10_10_2) AppleWebKit/600.3.5 (KHTML, like Gecko) Version/8.0.2 Safari/600.3.5\",\"referer\":\"http://localhost:3000/fluff/admin/\",\"cache-control\":\"max-age=0\",\"accept-language\":\"en-us\"}","timestamp":"2014-12-03T07:39:14.871Z"}
{"level":"info","message":"REQ QUERY: {}","timestamp":"2014-12-03T07:39:14.871Z"}
{"level":"info","message":"EXTERNAL URL IS http://localhost:3000/fluff/js/ace/ace.js","timestamp":"2014-12-03T07:39:14.871Z"}
{"level":"info","message":"SSL IS [false]","timestamp":"2014-12-03T07:39:14.871Z"}
{"level":"info","message":"API key not required.","timestamp":"2014-12-03T07:39:14.871Z"}
{"level":"info","message":"CSRF on server: pT701Fl5SAv4j4raUrmxFkgd for session IYdAfO-4MvXIDwTF87hS9aJS0ZDaUvro for admin@domain.com","timestamp":"2014-12-03T07:39:14.872Z"}
{"level":"info","message":"CSRF from client: undefined","timestamp":"2014-12-03T07:39:14.872Z"}
{"level":"info","message":"CSRF NOT REQUIRED","timestamp":"2014-12-03T07:39:14.872Z"}
{"level":"info","message":"Looking up pages...","timestamp":"2014-12-03T07:39:14.872Z"}
{"level":"info","message":"**** NEW REQUEST ****","timestamp":"2014-12-03T07:39:14.872Z"}
{"level":"info","message":"REQ GET: /fluff/js/inflection.js from 127.0.0.1","timestamp":"2014-12-03T07:39:14.872Z"}
{"level":"info","message":"REQ BODY: {}","timestamp":"2014-12-03T07:39:14.872Z"}
{"level":"info","message":"REQ HEADERS: {\"host\":\"localhost:3000\",\"accept-encoding\":\"gzip, deflate\",\"cookie\":\"connect.sid=s%3AIYdAfO-4MvXIDwTF87hS9aJS0ZDaUvro.1PHPlLLhIXSnh0dXAFQsuWwN2cOYJJ6UddnzlbAUzf8\",\"connection\":\"keep-alive\",\"if-none-match\":\"W/\\\"589e-3684380307\\\"\",\"accept\":\"*/*\",\"if-modified-since\":\"Sat, 03 Aug 2013 19:53:09 GMT\",\"user-agent\":\"Mozilla/5.0 (Macintosh; Intel Mac OS X 10_10_2) AppleWebKit/600.3.5 (KHTML, like Gecko) Version/8.0.2 Safari/600.3.5\",\"referer\":\"http://localhost:3000/fluff/admin/\",\"cache-control\":\"max-age=0\",\"accept-language\":\"en-us\"}","timestamp":"2014-12-03T07:39:14.872Z"}
{"level":"info","message":"REQ QUERY: {}","timestamp":"2014-12-03T07:39:14.872Z"}
{"level":"info","message":"EXTERNAL URL IS http://localhost:3000/fluff/js/inflection.js","timestamp":"2014-12-03T07:39:14.873Z"}
{"level":"info","message":"SSL IS [false]","timestamp":"2014-12-03T07:39:14.873Z"}
{"level":"info","message":"API key not required.","timestamp":"2014-12-03T07:39:14.873Z"}
{"level":"info","message":"CSRF on server: pT701Fl5SAv4j4raUrmxFkgd for session IYdAfO-4MvXIDwTF87hS9aJS0ZDaUvro for admin@domain.com","timestamp":"2014-12-03T07:39:14.873Z"}
{"level":"info","message":"CSRF from client: undefined","timestamp":"2014-12-03T07:39:14.873Z"}
{"level":"info","message":"CSRF NOT REQUIRED","timestamp":"2014-12-03T07:39:14.873Z"}
{"level":"info","message":"Looking up pages...","timestamp":"2014-12-03T07:39:14.873Z"}
{"level":"info","message":"**** NEW REQUEST ****","timestamp":"2014-12-03T07:39:14.873Z"}
{"level":"info","message":"REQ GET: /fluff/js/backbone.js from 127.0.0.1","timestamp":"2014-12-03T07:39:14.874Z"}
{"level":"info","message":"REQ BODY: {}","timestamp":"2014-12-03T07:39:14.874Z"}
{"level":"info","message":"REQ HEADERS: {\"host\":\"localhost:3000\",\"accept-encoding\":\"gzip, deflate\",\"cookie\":\"connect.sid=s%3AIYdAfO-4MvXIDwTF87hS9aJS0ZDaUvro.1PHPlLLhIXSnh0dXAFQsuWwN2cOYJJ6UddnzlbAUzf8\",\"connection\":\"keep-alive\",\"if-none-match\":\"W/\\\"4c01-2537161022\\\"\",\"accept\":\"*/*\",\"if-modified-since\":\"Thu, 01 Aug 2013 00:21:57 GMT\",\"user-agent\":\"Mozilla/5.0 (Macintosh; Intel Mac OS X 10_10_2) AppleWebKit/600.3.5 (KHTML, like Gecko) Version/8.0.2 Safari/600.3.5\",\"referer\":\"http://localhost:3000/fluff/admin/\",\"cache-control\":\"max-age=0\",\"accept-language\":\"en-us\"}","timestamp":"2014-12-03T07:39:14.874Z"}
{"level":"info","message":"REQ QUERY: {}","timestamp":"2014-12-03T07:39:14.874Z"}
{"level":"info","message":"EXTERNAL URL IS http://localhost:3000/fluff/js/backbone.js","timestamp":"2014-12-03T07:39:14.874Z"}
{"level":"info","message":"SSL IS [false]","timestamp":"2014-12-03T07:39:14.874Z"}
{"level":"info","message":"API key not required.","timestamp":"2014-12-03T07:39:14.874Z"}
{"level":"info","message":"CSRF on server: pT701Fl5SAv4j4raUrmxFkgd for session IYdAfO-4MvXIDwTF87hS9aJS0ZDaUvro for admin@domain.com","timestamp":"2014-12-03T07:39:14.874Z"}
{"level":"info","message":"CSRF from client: undefined","timestamp":"2014-12-03T07:39:14.874Z"}
{"level":"info","message":"CSRF NOT REQUIRED","timestamp":"2014-12-03T07:39:14.874Z"}
{"level":"info","message":"Looking up pages...","timestamp":"2014-12-03T07:39:14.874Z"}
{"level":"info","message":"MIME type is application/javascript","timestamp":"2014-12-03T07:39:14.875Z"}
{"level":"info","message":"MIME type is application/javascript","timestamp":"2014-12-03T07:39:14.875Z"}
{"level":"info","message":"MIME type is application/javascript","timestamp":"2014-12-03T07:39:14.876Z"}
{"level":"info","message":"MIME type is application/javascript","timestamp":"2014-12-03T07:39:14.877Z"}
{"level":"info","message":"**** NEW REQUEST ****","timestamp":"2014-12-03T07:39:14.878Z"}
{"level":"info","message":"REQ GET: /fluff/js/jquery-ui.js from 127.0.0.1","timestamp":"2014-12-03T07:39:14.878Z"}
{"level":"info","message":"REQ BODY: {}","timestamp":"2014-12-03T07:39:14.878Z"}
{"level":"info","message":"REQ HEADERS: {\"host\":\"localhost:3000\",\"accept-encoding\":\"gzip, deflate\",\"cookie\":\"connect.sid=s%3AIYdAfO-4MvXIDwTF87hS9aJS0ZDaUvro.1PHPlLLhIXSnh0dXAFQsuWwN2cOYJJ6UddnzlbAUzf8\",\"connection\":\"keep-alive\",\"if-none-match\":\"W/\\\"25945-1287238481\\\"\",\"accept\":\"*/*\",\"if-modified-since\":\"Tue, 17 Dec 2013 17:22:02 GMT\",\"user-agent\":\"Mozilla/5.0 (Macintosh; Intel Mac OS X 10_10_2) AppleWebKit/600.3.5 (KHTML, like Gecko) Version/8.0.2 Safari/600.3.5\",\"referer\":\"http://localhost:3000/fluff/admin/\",\"cache-control\":\"max-age=0\",\"accept-language\":\"en-us\"}","timestamp":"2014-12-03T07:39:14.878Z"}
{"level":"info","message":"REQ QUERY: {}","timestamp":"2014-12-03T07:39:14.878Z"}
{"level":"info","message":"EXTERNAL URL IS http://localhost:3000/fluff/js/jquery-ui.js","timestamp":"2014-12-03T07:39:14.878Z"}
{"level":"info","message":"SSL IS [false]","timestamp":"2014-12-03T07:39:14.878Z"}
{"level":"info","message":"API key not required.","timestamp":"2014-12-03T07:39:14.878Z"}
{"level":"info","message":"CSRF on server: pT701Fl5SAv4j4raUrmxFkgd for session IYdAfO-4MvXIDwTF87hS9aJS0ZDaUvro for admin@domain.com","timestamp":"2014-12-03T07:39:14.879Z"}
{"level":"info","message":"CSRF from client: undefined","timestamp":"2014-12-03T07:39:14.879Z"}
{"level":"info","message":"CSRF NOT REQUIRED","timestamp":"2014-12-03T07:39:14.879Z"}
{"level":"info","message":"Looking up pages...","timestamp":"2014-12-03T07:39:14.879Z"}
{"level":"info","message":"**** NEW REQUEST ****","timestamp":"2014-12-03T07:39:14.881Z"}
{"level":"info","message":"REQ GET: /fluff/admin/admin.js from 127.0.0.1","timestamp":"2014-12-03T07:39:14.881Z"}
{"level":"info","message":"REQ BODY: {}","timestamp":"2014-12-03T07:39:14.881Z"}
{"level":"info","message":"REQ HEADERS: {\"host\":\"localhost:3000\",\"accept-encoding\":\"gzip, deflate\",\"cookie\":\"connect.sid=s%3AIYdAfO-4MvXIDwTF87hS9aJS0ZDaUvro.1PHPlLLhIXSnh0dXAFQsuWwN2cOYJJ6UddnzlbAUzf8\",\"connection\":\"keep-alive\",\"if-none-match\":\"W/\\\"1068f-2182245559\\\"\",\"accept\":\"*/*\",\"if-modified-since\":\"Wed, 03 Dec 2014 07:33:12 GMT\",\"user-agent\":\"Mozilla/5.0 (Macintosh; Intel Mac OS X 10_10_2) AppleWebKit/600.3.5 (KHTML, like Gecko) Version/8.0.2 Safari/600.3.5\",\"referer\":\"http://localhost:3000/fluff/admin/\",\"cache-control\":\"max-age=0\",\"accept-language\":\"en-us\"}","timestamp":"2014-12-03T07:39:14.881Z"}
{"level":"info","message":"REQ QUERY: {}","timestamp":"2014-12-03T07:39:14.881Z"}
{"level":"info","message":"EXTERNAL URL IS http://localhost:3000/fluff/admin/admin.js","timestamp":"2014-12-03T07:39:14.881Z"}
{"level":"info","message":"SSL IS [false]","timestamp":"2014-12-03T07:39:14.882Z"}
{"level":"info","message":"API key not required.","timestamp":"2014-12-03T07:39:14.882Z"}
{"level":"info","message":"CSRF on server: pT701Fl5SAv4j4raUrmxFkgd for session IYdAfO-4MvXIDwTF87hS9aJS0ZDaUvro for admin@domain.com","timestamp":"2014-12-03T07:39:14.882Z"}
{"level":"info","message":"CSRF from client: undefined","timestamp":"2014-12-03T07:39:14.882Z"}
{"level":"info","message":"CSRF NOT REQUIRED","timestamp":"2014-12-03T07:39:14.882Z"}
{"level":"info","message":"Looking up pages...","timestamp":"2014-12-03T07:39:14.883Z"}
{"level":"info","message":"**** NEW REQUEST ****","timestamp":"2014-12-03T07:39:14.883Z"}
{"level":"info","message":"REQ GET: /fluff/js/handsontable.js from 127.0.0.1","timestamp":"2014-12-03T07:39:14.883Z"}
{"level":"info","message":"REQ BODY: {}","timestamp":"2014-12-03T07:39:14.883Z"}
{"level":"info","message":"REQ HEADERS: {\"host\":\"localhost:3000\",\"accept-encoding\":\"gzip, deflate\",\"cookie\":\"connect.sid=s%3AIYdAfO-4MvXIDwTF87hS9aJS0ZDaUvro.1PHPlLLhIXSnh0dXAFQsuWwN2cOYJJ6UddnzlbAUzf8\",\"connection\":\"keep-alive\",\"if-none-match\":\"W/\\\"68ac5-3545647216\\\"\",\"accept\":\"*/*\",\"if-modified-since\":\"Fri, 23 Aug 2013 06:32:07 GMT\",\"user-agent\":\"Mozilla/5.0 (Macintosh; Intel Mac OS X 10_10_2) AppleWebKit/600.3.5 (KHTML, like Gecko) Version/8.0.2 Safari/600.3.5\",\"referer\":\"http://localhost:3000/fluff/admin/\",\"cache-control\":\"max-age=0\",\"accept-language\":\"en-us\"}","timestamp":"2014-12-03T07:39:14.883Z"}
{"level":"info","message":"REQ QUERY: {}","timestamp":"2014-12-03T07:39:14.883Z"}
{"level":"info","message":"EXTERNAL URL IS http://localhost:3000/fluff/js/handsontable.js","timestamp":"2014-12-03T07:39:14.883Z"}
{"level":"info","message":"SSL IS [false]","timestamp":"2014-12-03T07:39:14.884Z"}
{"level":"info","message":"API key not required.","timestamp":"2014-12-03T07:39:14.884Z"}
{"level":"info","message":"CSRF on server: pT701Fl5SAv4j4raUrmxFkgd for session IYdAfO-4MvXIDwTF87hS9aJS0ZDaUvro for admin@domain.com","timestamp":"2014-12-03T07:39:14.884Z"}
{"level":"info","message":"CSRF from client: undefined","timestamp":"2014-12-03T07:39:14.884Z"}
{"level":"info","message":"CSRF NOT REQUIRED","timestamp":"2014-12-03T07:39:14.884Z"}
{"level":"info","message":"Looking up pages...","timestamp":"2014-12-03T07:39:14.884Z"}
{"level":"info","message":"MIME type is application/javascript","timestamp":"2014-12-03T07:39:14.885Z"}
{"level":"info","message":"MIME type is application/javascript","timestamp":"2014-12-03T07:39:14.885Z"}
{"level":"info","message":"MIME type is application/javascript","timestamp":"2014-12-03T07:39:14.886Z"}
{"level":"info","message":"**** NEW REQUEST ****","timestamp":"2014-12-03T07:39:14.916Z"}
{"level":"info","message":"REQ GET: /fluff/admin/api/auth from 127.0.0.1","timestamp":"2014-12-03T07:39:14.916Z"}
{"level":"info","message":"REQ BODY: {}","timestamp":"2014-12-03T07:39:14.916Z"}
{"level":"info","message":"REQ HEADERS: {\"host\":\"localhost:3000\",\"x-requested-with\":\"XMLHttpRequest\",\"accept-language\":\"en-us\",\"accept-encoding\":\"gzip, deflate\",\"if-none-match\":\"W/\\\"15b-55affea\\\"\",\"x-api-key\":\"1234567890\",\"cache-control\":\"max-age=0\",\"user-agent\":\"Mozilla/5.0 (Macintosh; Intel Mac OS X 10_10_2) AppleWebKit/600.3.5 (KHTML, like Gecko) Version/8.0.2 Safari/600.3.5\",\"connection\":\"keep-alive\",\"referer\":\"http://localhost:3000/fluff/admin/\",\"accept\":\"application/json, text/javascript, */*; q=0.01\",\"cookie\":\"connect.sid=s%3AIYdAfO-4MvXIDwTF87hS9aJS0ZDaUvro.1PHPlLLhIXSnh0dXAFQsuWwN2cOYJJ6UddnzlbAUzf8\"}","timestamp":"2014-12-03T07:39:14.916Z"}
{"level":"info","message":"REQ QUERY: {}","timestamp":"2014-12-03T07:39:14.916Z"}
{"level":"info","message":"EXTERNAL URL IS http://localhost:3000/fluff/admin/api/auth","timestamp":"2014-12-03T07:39:14.916Z"}
{"level":"info","message":"SSL IS [false]","timestamp":"2014-12-03T07:39:14.916Z"}
{"level":"info","message":"API key not required.","timestamp":"2014-12-03T07:39:14.916Z"}
{"level":"info","message":"CSRF on server: pT701Fl5SAv4j4raUrmxFkgd for session IYdAfO-4MvXIDwTF87hS9aJS0ZDaUvro for admin@domain.com","timestamp":"2014-12-03T07:39:14.917Z"}
{"level":"info","message":"CSRF from client: undefined","timestamp":"2014-12-03T07:39:14.917Z"}
{"level":"info","message":"CSRF NOT REQUIRED","timestamp":"2014-12-03T07:39:14.917Z"}
{"level":"info","message":"**** NEW REQUEST ****","timestamp":"2014-12-03T07:39:14.922Z"}
{"level":"info","message":"REQ GET: /fluff/images/fluff-logo.png from 127.0.0.1","timestamp":"2014-12-03T07:39:14.922Z"}
{"level":"info","message":"REQ BODY: {}","timestamp":"2014-12-03T07:39:14.922Z"}
{"level":"info","message":"REQ HEADERS: {\"host\":\"localhost:3000\",\"cookie\":\"connect.sid=s%3AIYdAfO-4MvXIDwTF87hS9aJS0ZDaUvro.1PHPlLLhIXSnh0dXAFQsuWwN2cOYJJ6UddnzlbAUzf8\",\"connection\":\"keep-alive\",\"if-none-match\":\"W/\\\"1e8b-522061873\\\"\",\"accept\":\"*/*\",\"if-modified-since\":\"Sat, 20 Jul 2013 19:45:52 GMT\",\"user-agent\":\"Mozilla/5.0 (Macintosh; Intel Mac OS X 10_10_2) AppleWebKit/600.3.5 (KHTML, like Gecko) Version/8.0.2 Safari/600.3.5\",\"accept-language\":\"en-us\",\"referer\":\"http://localhost:3000/fluff/admin/\",\"accept-encoding\":\"gzip, deflate\"}","timestamp":"2014-12-03T07:39:14.922Z"}
{"level":"info","message":"REQ QUERY: {}","timestamp":"2014-12-03T07:39:14.922Z"}
{"level":"info","message":"EXTERNAL URL IS http://localhost:3000/fluff/images/fluff-logo.png","timestamp":"2014-12-03T07:39:14.922Z"}
{"level":"info","message":"SSL IS [false]","timestamp":"2014-12-03T07:39:14.922Z"}
{"level":"info","message":"API key not required.","timestamp":"2014-12-03T07:39:14.922Z"}
{"level":"info","message":"CSRF on server: pT701Fl5SAv4j4raUrmxFkgd for session IYdAfO-4MvXIDwTF87hS9aJS0ZDaUvro for admin@domain.com","timestamp":"2014-12-03T07:39:14.922Z"}
{"level":"info","message":"CSRF from client: undefined","timestamp":"2014-12-03T07:39:14.922Z"}
{"level":"info","message":"CSRF NOT REQUIRED","timestamp":"2014-12-03T07:39:14.922Z"}
{"level":"info","message":"Looking up pages...","timestamp":"2014-12-03T07:39:14.923Z"}
{"level":"info","message":"**** NEW REQUEST ****","timestamp":"2014-12-03T07:39:14.923Z"}
{"level":"info","message":"REQ GET: /fluff/admin/api/models/547ebb87a96bd50d1dcafce5 from 127.0.0.1","timestamp":"2014-12-03T07:39:14.923Z"}
{"level":"info","message":"REQ BODY: {}","timestamp":"2014-12-03T07:39:14.923Z"}
{"level":"info","message":"REQ HEADERS: {\"host\":\"localhost:3000\",\"x-requested-with\":\"XMLHttpRequest\",\"accept-encoding\":\"gzip, deflate\",\"if-none-match\":\"W/\\\"2d8-a0ba1d39\\\"\",\"x-api-key\":\"1234567890\",\"accept-language\":\"en-us\",\"accept\":\"application/json, text/javascript, */*; q=0.01\",\"user-agent\":\"Mozilla/5.0 (Macintosh; Intel Mac OS X 10_10_2) AppleWebKit/600.3.5 (KHTML, like Gecko) Version/8.0.2 Safari/600.3.5\",\"connection\":\"keep-alive\",\"referer\":\"http://localhost:3000/fluff/admin/\",\"x-csrf-token\":\"pT701Fl5SAv4j4raUrmxFkgd\",\"cookie\":\"connect.sid=s%3AIYdAfO-4MvXIDwTF87hS9aJS0ZDaUvro.1PHPlLLhIXSnh0dXAFQsuWwN2cOYJJ6UddnzlbAUzf8\"}","timestamp":"2014-12-03T07:39:14.924Z"}
{"level":"info","message":"REQ QUERY: {}","timestamp":"2014-12-03T07:39:14.924Z"}
{"level":"info","message":"EXTERNAL URL IS http://localhost:3000/fluff/admin/api/models/547ebb87a96bd50d1dcafce5","timestamp":"2014-12-03T07:39:14.924Z"}
{"level":"info","message":"SSL IS [false]","timestamp":"2014-12-03T07:39:14.924Z"}
{"level":"info","message":"API key not required.","timestamp":"2014-12-03T07:39:14.924Z"}
{"level":"info","message":"CSRF on server: pT701Fl5SAv4j4raUrmxFkgd for session IYdAfO-4MvXIDwTF87hS9aJS0ZDaUvro for admin@domain.com","timestamp":"2014-12-03T07:39:14.924Z"}
{"level":"info","message":"CSRF from client: pT701Fl5SAv4j4raUrmxFkgd","timestamp":"2014-12-03T07:39:14.924Z"}
{"level":"info","message":"CSRF NOT REQUIRED","timestamp":"2014-12-03T07:39:14.924Z"}
{"level":"info","message":"The requested resource is: Model","timestamp":"2014-12-03T07:39:14.924Z"}
{"level":"info","message":"Restricted to admins only.","timestamp":"2014-12-03T07:39:14.924Z"}
{"level":"info","message":"filter: {\"_id\":\"547ebb87a96bd50d1dcafce5\"}","timestamp":"2014-12-03T07:39:14.924Z"}
{"level":"info","message":"MIME type is image/png","timestamp":"2014-12-03T07:39:14.925Z"}
{"level":"info","message":"**** NEW REQUEST ****","timestamp":"2014-12-03T07:39:14.939Z"}
{"level":"info","message":"REQ GET: /fluff/js/ace/mode-javascript.js from 127.0.0.1","timestamp":"2014-12-03T07:39:14.939Z"}
{"level":"info","message":"REQ BODY: {}","timestamp":"2014-12-03T07:39:14.939Z"}
{"level":"info","message":"REQ HEADERS: {\"host\":\"localhost:3000\",\"cookie\":\"connect.sid=s%3AIYdAfO-4MvXIDwTF87hS9aJS0ZDaUvro.1PHPlLLhIXSnh0dXAFQsuWwN2cOYJJ6UddnzlbAUzf8\",\"connection\":\"keep-alive\",\"if-none-match\":\"W/\\\"4f3a-1219181983\\\"\",\"accept\":\"*/*\",\"if-modified-since\":\"Thu, 23 Jan 2014 05:06:06 GMT\",\"user-agent\":\"Mozilla/5.0 (Macintosh; Intel Mac OS X 10_10_2) AppleWebKit/600.3.5 (KHTML, like Gecko) Version/8.0.2 Safari/600.3.5\",\"accept-language\":\"en-us\",\"referer\":\"http://localhost:3000/fluff/admin/\",\"accept-encoding\":\"gzip, deflate\"}","timestamp":"2014-12-03T07:39:14.939Z"}
{"level":"info","message":"REQ QUERY: {}","timestamp":"2014-12-03T07:39:14.939Z"}
{"level":"info","message":"EXTERNAL URL IS http://localhost:3000/fluff/js/ace/mode-javascript.js","timestamp":"2014-12-03T07:39:14.939Z"}
{"level":"info","message":"SSL IS [false]","timestamp":"2014-12-03T07:39:14.940Z"}
{"level":"info","message":"API key not required.","timestamp":"2014-12-03T07:39:14.940Z"}
{"level":"info","message":"CSRF on server: pT701Fl5SAv4j4raUrmxFkgd for session IYdAfO-4MvXIDwTF87hS9aJS0ZDaUvro for admin@domain.com","timestamp":"2014-12-03T07:39:14.940Z"}
{"level":"info","message":"CSRF from client: undefined","timestamp":"2014-12-03T07:39:14.940Z"}
{"level":"info","message":"CSRF NOT REQUIRED","timestamp":"2014-12-03T07:39:14.940Z"}
{"level":"info","message":"Looking up pages...","timestamp":"2014-12-03T07:39:14.940Z"}
{"level":"info","message":"MIME type is application/javascript","timestamp":"2014-12-03T07:39:14.940Z"}
{"level":"info","message":"**** NEW REQUEST ****","timestamp":"2014-12-03T07:39:14.957Z"}
{"level":"info","message":"REQ GET: /fluff/js/ace/worker-javascript.js from 127.0.0.1","timestamp":"2014-12-03T07:39:14.957Z"}
{"level":"info","message":"REQ BODY: {}","timestamp":"2014-12-03T07:39:14.957Z"}
{"level":"info","message":"REQ HEADERS: {\"host\":\"localhost:3000\",\"cookie\":\"connect.sid=s%3AIYdAfO-4MvXIDwTF87hS9aJS0ZDaUvro.1PHPlLLhIXSnh0dXAFQsuWwN2cOYJJ6UddnzlbAUzf8\",\"connection\":\"keep-alive\",\"if-none-match\":\"W/\\\"227cf-1219181983\\\"\",\"accept\":\"*/*\",\"if-modified-since\":\"Thu, 23 Jan 2014 05:06:06 GMT\",\"user-agent\":\"Mozilla/5.0 (Macintosh; Intel Mac OS X 10_10_2) AppleWebKit/600.3.5 (KHTML, like Gecko) Version/8.0.2 Safari/600.3.5\",\"accept-language\":\"en-us\",\"referer\":\"http://localhost:3000/fluff/admin/\",\"accept-encoding\":\"gzip, deflate\"}","timestamp":"2014-12-03T07:39:14.957Z"}
{"level":"info","message":"REQ QUERY: {}","timestamp":"2014-12-03T07:39:14.957Z"}
{"level":"info","message":"EXTERNAL URL IS http://localhost:3000/fluff/js/ace/worker-javascript.js","timestamp":"2014-12-03T07:39:14.958Z"}
{"level":"info","message":"SSL IS [false]","timestamp":"2014-12-03T07:39:14.958Z"}
{"level":"info","message":"API key not required.","timestamp":"2014-12-03T07:39:14.958Z"}
{"level":"info","message":"CSRF on server: pT701Fl5SAv4j4raUrmxFkgd for session IYdAfO-4MvXIDwTF87hS9aJS0ZDaUvro for admin@domain.com","timestamp":"2014-12-03T07:39:14.958Z"}
{"level":"info","message":"CSRF from client: undefined","timestamp":"2014-12-03T07:39:14.958Z"}
{"level":"info","message":"CSRF NOT REQUIRED","timestamp":"2014-12-03T07:39:14.958Z"}
{"level":"info","message":"Looking up pages...","timestamp":"2014-12-03T07:39:14.958Z"}
{"level":"info","message":"MIME type is application/javascript","timestamp":"2014-12-03T07:39:14.959Z"}
