{"level":"info","message":"API key not required.","timestamp":"2014-11-23T08:02:47.881Z"}
{"level":"info","message":"CSRF on server: S28uaJVe9Je8ATFpIqnS5rLF for session J3cTQorkrLAbxxpjYXwusISQiPuZ1IH2 for user [object Object]","timestamp":"2014-11-23T08:02:47.881Z"}
{"level":"info","message":"CSRF from client: undefined","timestamp":"2014-11-23T08:02:47.881Z"}
{"level":"info","message":"CSRF NOT REQUIRED","timestamp":"2014-11-23T08:02:47.881Z"}
{"level":"info","message":"Looking up pages...","timestamp":"2014-11-23T08:02:47.881Z"}
{"level":"info","message":"**** NEW REQUEST ****","timestamp":"2014-11-23T08:02:47.882Z"}
{"level":"info","message":"REQ GET: /fluff/js/backbone-min.map from 127.0.0.1","timestamp":"2014-11-23T08:02:47.883Z"}
{"level":"info","message":"REQ BODY: {\"password\":\"[private]\",\"confirmPassword\":\"[private]\"}","timestamp":"2014-11-23T08:02:47.883Z"}
{"level":"info","message":"REQ HEADERS: {\"host\":\"localhost:3000\",\"accept\":\"*/*\",\"connection\":\"keep-alive\",\"cookie\":\"connect.sid=s%3AJ3cTQorkrLAbxxpjYXwusISQiPuZ1IH2.SvE%2BifYaWuS%2FVig5F%2FFFa0IbkxrgaeGcfu2WbuUnWN0\",\"user-agent\":\"Mozilla/5.0 (Macintosh; Intel Mac OS X 10_10_1) AppleWebKit/600.2.2 (KHTML, like Gecko) Version/8.0.1 Safari/600.2.2\",\"accept-language\":\"en-us\",\"referer\":\"http://localhost:3000/fluff/user/\",\"accept-encoding\":\"gzip, deflate\"}","timestamp":"2014-11-23T08:02:47.883Z"}
{"level":"info","message":"REQ QUERY: {}","timestamp":"2014-11-23T08:02:47.883Z"}
{"level":"info","message":"EXTERNAL URL IS http://localhost:3000/fluff/js/backbone-min.map","timestamp":"2014-11-23T08:02:47.883Z"}
{"level":"info","message":"SSL IS [false]","timestamp":"2014-11-23T08:02:47.883Z"}
{"level":"info","message":"API key not required.","timestamp":"2014-11-23T08:02:47.883Z"}
{"level":"info","message":"CSRF on server: S28uaJVe9Je8ATFpIqnS5rLF for session J3cTQorkrLAbxxpjYXwusISQiPuZ1IH2 for user [object Object]","timestamp":"2014-11-23T08:02:47.883Z"}
{"level":"info","message":"CSRF from client: undefined","timestamp":"2014-11-23T08:02:47.883Z"}
{"level":"info","message":"CSRF NOT REQUIRED","timestamp":"2014-11-23T08:02:47.883Z"}
{"level":"info","message":"Looking up pages...","timestamp":"2014-11-23T08:02:47.883Z"}
{"level":"info","message":"MIME type is text/html","timestamp":"2014-11-23T08:02:47.884Z"}
{"level":"info","message":"MIME type is text/html","timestamp":"2014-11-23T08:02:47.884Z"}
{"level":"info","message":"**** NEW REQUEST ****","timestamp":"2014-11-23T08:02:50.154Z"}
{"level":"info","message":"REQ GET: /fluff/user/ from 127.0.0.1","timestamp":"2014-11-23T08:02:50.154Z"}
{"level":"info","message":"REQ BODY: {\"password\":\"[private]\",\"confirmPassword\":\"[private]\"}","timestamp":"2014-11-23T08:02:50.155Z"}
{"level":"info","message":"REQ HEADERS: {\"host\":\"localhost:3000\",\"cookie\":\"connect.sid=s%3AJ3cTQorkrLAbxxpjYXwusISQiPuZ1IH2.SvE%2BifYaWuS%2FVig5F%2FFFa0IbkxrgaeGcfu2WbuUnWN0\",\"connection\":\"keep-alive\",\"if-none-match\":\"W/\\\"668-3400530062\\\"\",\"accept\":\"text/html,application/xhtml+xml,application/xml;q=0.9,*/*;q=0.8\",\"if-modified-since\":\"Fri, 21 Nov 2014 22:04:23 GMT\",\"user-agent\":\"Mozilla/5.0 (Macintosh; Intel Mac OS X 10_10_1) AppleWebKit/600.2.2 (KHTML, like Gecko) Version/8.0.1 Safari/600.2.2\",\"accept-language\":\"en-us\",\"cache-control\":\"max-age=0\",\"accept-encoding\":\"gzip, deflate\"}","timestamp":"2014-11-23T08:02:50.155Z"}
{"level":"info","message":"REQ QUERY: {}","timestamp":"2014-11-23T08:02:50.155Z"}
{"level":"info","message":"EXTERNAL URL IS http://localhost:3000/fluff/user/","timestamp":"2014-11-23T08:02:50.155Z"}
{"level":"info","message":"SSL IS [false]","timestamp":"2014-11-23T08:02:50.155Z"}
{"level":"info","message":"API key not required.","timestamp":"2014-11-23T08:02:50.155Z"}
{"level":"info","message":"CSRF on server: S28uaJVe9Je8ATFpIqnS5rLF for session J3cTQorkrLAbxxpjYXwusISQiPuZ1IH2 for user [object Object]","timestamp":"2014-11-23T08:02:50.155Z"}
{"level":"info","message":"CSRF from client: undefined","timestamp":"2014-11-23T08:02:50.155Z"}
{"level":"info","message":"CSRF NOT REQUIRED","timestamp":"2014-11-23T08:02:50.155Z"}
{"level":"info","message":"Looking up pages...","timestamp":"2014-11-23T08:02:50.155Z"}
{"level":"info","message":"MIME type is text/html","timestamp":"2014-11-23T08:02:50.156Z"}
{"level":"info","message":"**** NEW REQUEST ****","timestamp":"2014-11-23T08:02:50.164Z"}
{"level":"info","message":"REQ GET: /fluff/css/bootstrap.css from 127.0.0.1","timestamp":"2014-11-23T08:02:50.164Z"}
{"level":"info","message":"REQ BODY: {\"password\":\"[private]\",\"confirmPassword\":\"[private]\"}","timestamp":"2014-11-23T08:02:50.165Z"}
{"level":"info","message":"REQ HEADERS: {\"host\":\"localhost:3000\",\"accept-encoding\":\"gzip, deflate\",\"cookie\":\"connect.sid=s%3AJ3cTQorkrLAbxxpjYXwusISQiPuZ1IH2.SvE%2BifYaWuS%2FVig5F%2FFFa0IbkxrgaeGcfu2WbuUnWN0\",\"connection\":\"keep-alive\",\"if-none-match\":\"W/\\\"1abce-1246558897\\\"\",\"accept\":\"text/css,*/*;q=0.1\",\"if-modified-since\":\"Thu, 26 Jun 2014 16:14:11 GMT\",\"user-agent\":\"Mozilla/5.0 (Macintosh; Intel Mac OS X 10_10_1) AppleWebKit/600.2.2 (KHTML, like Gecko) Version/8.0.1 Safari/600.2.2\",\"referer\":\"http://localhost:3000/fluff/admin/\",\"cache-control\":\"max-age=0\",\"accept-language\":\"en-us\"}","timestamp":"2014-11-23T08:02:50.165Z"}
{"level":"info","message":"REQ QUERY: {}","timestamp":"2014-11-23T08:02:50.165Z"}
{"level":"info","message":"EXTERNAL URL IS http://localhost:3000/fluff/css/bootstrap.css","timestamp":"2014-11-23T08:02:50.165Z"}
{"level":"info","message":"SSL IS [false]","timestamp":"2014-11-23T08:02:50.165Z"}
{"level":"info","message":"API key not required.","timestamp":"2014-11-23T08:02:50.165Z"}
{"level":"info","message":"CSRF on server: S28uaJVe9Je8ATFpIqnS5rLF for session J3cTQorkrLAbxxpjYXwusISQiPuZ1IH2 for user [object Object]","timestamp":"2014-11-23T08:02:50.165Z"}
{"level":"info","message":"CSRF from client: undefined","timestamp":"2014-11-23T08:02:50.165Z"}
{"level":"info","message":"CSRF NOT REQUIRED","timestamp":"2014-11-23T08:02:50.165Z"}
{"level":"info","message":"Looking up pages...","timestamp":"2014-11-23T08:02:50.165Z"}
{"level":"info","message":"**** NEW REQUEST ****","timestamp":"2014-11-23T08:02:50.167Z"}
{"level":"info","message":"REQ GET: /styles.css from 127.0.0.1","timestamp":"2014-11-23T08:02:50.167Z"}
{"level":"info","message":"REQ BODY: {\"password\":\"[private]\",\"confirmPassword\":\"[private]\"}","timestamp":"2014-11-23T08:02:50.167Z"}
{"level":"info","message":"REQ HEADERS: {\"host\":\"localhost:3000\",\"accept-encoding\":\"gzip, deflate\",\"cookie\":\"connect.sid=s%3AJ3cTQorkrLAbxxpjYXwusISQiPuZ1IH2.SvE%2BifYaWuS%2FVig5F%2FFFa0IbkxrgaeGcfu2WbuUnWN0\",\"connection\":\"keep-alive\",\"if-none-match\":\"W/\\\"131-6729ceeb\\\"\",\"accept\":\"text/css,*/*;q=0.1\",\"user-agent\":\"Mozilla/5.0 (Macintosh; Intel Mac OS X 10_10_1) AppleWebKit/600.2.2 (KHTML, like Gecko) Version/8.0.1 Safari/600.2.2\",\"accept-language\":\"en-us\",\"referer\":\"http://localhost:3000/fluff/user/\",\"cache-control\":\"max-age=0\"}","timestamp":"2014-11-23T08:02:50.167Z"}
{"level":"info","message":"REQ QUERY: {}","timestamp":"2014-11-23T08:02:50.167Z"}
{"level":"info","message":"EXTERNAL URL IS http://localhost:3000/styles.css","timestamp":"2014-11-23T08:02:50.167Z"}
{"level":"info","message":"SSL IS [false]","timestamp":"2014-11-23T08:02:50.167Z"}
{"level":"info","message":"API key not required.","timestamp":"2014-11-23T08:02:50.167Z"}
{"level":"info","message":"CSRF on server: S28uaJVe9Je8ATFpIqnS5rLF for session J3cTQorkrLAbxxpjYXwusISQiPuZ1IH2 for user [object Object]","timestamp":"2014-11-23T08:02:50.167Z"}
{"level":"info","message":"CSRF from client: undefined","timestamp":"2014-11-23T08:02:50.167Z"}
{"level":"info","message":"CSRF NOT REQUIRED","timestamp":"2014-11-23T08:02:50.167Z"}
{"level":"info","message":"Looking up pages...","timestamp":"2014-11-23T08:02:50.167Z"}
{"level":"info","message":"**** NEW REQUEST ****","timestamp":"2014-11-23T08:02:50.168Z"}
{"level":"info","message":"REQ GET: /fluff/js/jquery.js from 127.0.0.1","timestamp":"2014-11-23T08:02:50.168Z"}
{"level":"info","message":"REQ BODY: {\"password\":\"[private]\",\"confirmPassword\":\"[private]\"}","timestamp":"2014-11-23T08:02:50.168Z"}
{"level":"info","message":"REQ HEADERS: {\"host\":\"localhost:3000\",\"accept-encoding\":\"gzip, deflate\",\"cookie\":\"connect.sid=s%3AJ3cTQorkrLAbxxpjYXwusISQiPuZ1IH2.SvE%2BifYaWuS%2FVig5F%2FFFa0IbkxrgaeGcfu2WbuUnWN0\",\"connection\":\"keep-alive\",\"if-none-match\":\"W/\\\"1469c-2638489029\\\"\",\"accept\":\"*/*\",\"if-modified-since\":\"Thu, 01 Aug 2013 00:20:50 GMT\",\"user-agent\":\"Mozilla/5.0 (Macintosh; Intel Mac OS X 10_10_1) AppleWebKit/600.2.2 (KHTML, like Gecko) Version/8.0.1 Safari/600.2.2\",\"referer\":\"http://localhost:3000/fluff/admin/\",\"cache-control\":\"max-age=0\",\"accept-language\":\"en-us\"}","timestamp":"2014-11-23T08:02:50.168Z"}
{"level":"info","message":"REQ QUERY: {}","timestamp":"2014-11-23T08:02:50.168Z"}
{"level":"info","message":"EXTERNAL URL IS http://localhost:3000/fluff/js/jquery.js","timestamp":"2014-11-23T08:02:50.168Z"}
{"level":"info","message":"SSL IS [false]","timestamp":"2014-11-23T08:02:50.168Z"}
{"level":"info","message":"API key not required.","timestamp":"2014-11-23T08:02:50.168Z"}
{"level":"info","message":"CSRF on server: S28uaJVe9Je8ATFpIqnS5rLF for session J3cTQorkrLAbxxpjYXwusISQiPuZ1IH2 for user [object Object]","timestamp":"2014-11-23T08:02:50.169Z"}
{"level":"info","message":"CSRF from client: undefined","timestamp":"2014-11-23T08:02:50.169Z"}
{"level":"info","message":"CSRF NOT REQUIRED","timestamp":"2014-11-23T08:02:50.169Z"}
{"level":"info","message":"Looking up pages...","timestamp":"2014-11-23T08:02:50.169Z"}
{"level":"info","message":"**** NEW REQUEST ****","timestamp":"2014-11-23T08:02:50.198Z"}
{"level":"info","message":"REQ GET: /fluff/js/underscore.js from 127.0.0.1","timestamp":"2014-11-23T08:02:50.198Z"}
{"level":"info","message":"REQ BODY: {\"password\":\"[private]\",\"confirmPassword\":\"[private]\"}","timestamp":"2014-11-23T08:02:50.198Z"}
{"level":"info","message":"REQ HEADERS: {\"host\":\"localhost:3000\",\"accept-encoding\":\"gzip, deflate\",\"cookie\":\"connect.sid=s%3AJ3cTQorkrLAbxxpjYXwusISQiPuZ1IH2.SvE%2BifYaWuS%2FVig5F%2FFFa0IbkxrgaeGcfu2WbuUnWN0\",\"connection\":\"keep-alive\",\"if-none-match\":\"W/\\\"373b-2931244539\\\"\",\"accept\":\"*/*\",\"if-modified-since\":\"Thu, 01 Aug 2013 00:22:57 GMT\",\"user-agent\":\"Mozilla/5.0 (Macintosh; Intel Mac OS X 10_10_1) AppleWebKit/600.2.2 (KHTML, like Gecko) Version/8.0.1 Safari/600.2.2\",\"referer\":\"http://localhost:3000/fluff/admin/\",\"cache-control\":\"max-age=0\",\"accept-language\":\"en-us\"}","timestamp":"2014-11-23T08:02:50.198Z"}
{"level":"info","message":"REQ QUERY: {}","timestamp":"2014-11-23T08:02:50.198Z"}
{"level":"info","message":"EXTERNAL URL IS http://localhost:3000/fluff/js/underscore.js","timestamp":"2014-11-23T08:02:50.199Z"}
{"level":"info","message":"SSL IS [false]","timestamp":"2014-11-23T08:02:50.199Z"}
{"level":"info","message":"API key not required.","timestamp":"2014-11-23T08:02:50.199Z"}
{"level":"info","message":"CSRF on server: S28uaJVe9Je8ATFpIqnS5rLF for session J3cTQorkrLAbxxpjYXwusISQiPuZ1IH2 for user [object Object]","timestamp":"2014-11-23T08:02:50.199Z"}
{"level":"info","message":"CSRF from client: undefined","timestamp":"2014-11-23T08:02:50.199Z"}
{"level":"info","message":"CSRF NOT REQUIRED","timestamp":"2014-11-23T08:02:50.199Z"}
{"level":"info","message":"Looking up pages...","timestamp":"2014-11-23T08:02:50.199Z"}
{"level":"info","message":"**** NEW REQUEST ****","timestamp":"2014-11-23T08:02:50.200Z"}
{"level":"info","message":"REQ GET: /fluff/js/backbone.js from 127.0.0.1","timestamp":"2014-11-23T08:02:50.200Z"}
{"level":"info","message":"REQ BODY: {\"password\":\"[private]\",\"confirmPassword\":\"[private]\"}","timestamp":"2014-11-23T08:02:50.200Z"}
{"level":"info","message":"REQ HEADERS: {\"host\":\"localhost:3000\",\"accept-encoding\":\"gzip, deflate\",\"cookie\":\"connect.sid=s%3AJ3cTQorkrLAbxxpjYXwusISQiPuZ1IH2.SvE%2BifYaWuS%2FVig5F%2FFFa0IbkxrgaeGcfu2WbuUnWN0\",\"connection\":\"keep-alive\",\"if-none-match\":\"W/\\\"4c01-2537161022\\\"\",\"accept\":\"*/*\",\"if-modified-since\":\"Thu, 01 Aug 2013 00:21:57 GMT\",\"user-agent\":\"Mozilla/5.0 (Macintosh; Intel Mac OS X 10_10_1) AppleWebKit/600.2.2 (KHTML, like Gecko) Version/8.0.1 Safari/600.2.2\",\"referer\":\"http://localhost:3000/fluff/admin/\",\"cache-control\":\"max-age=0\",\"accept-language\":\"en-us\"}","timestamp":"2014-11-23T08:02:50.200Z"}
{"level":"info","message":"REQ QUERY: {}","timestamp":"2014-11-23T08:02:50.200Z"}
{"level":"info","message":"EXTERNAL URL IS http://localhost:3000/fluff/js/backbone.js","timestamp":"2014-11-23T08:02:50.200Z"}
{"level":"info","message":"SSL IS [false]","timestamp":"2014-11-23T08:02:50.200Z"}
{"level":"info","message":"API key not required.","timestamp":"2014-11-23T08:02:50.200Z"}
{"level":"info","message":"CSRF on server: S28uaJVe9Je8ATFpIqnS5rLF for session J3cTQorkrLAbxxpjYXwusISQiPuZ1IH2 for user [object Object]","timestamp":"2014-11-23T08:02:50.200Z"}
{"level":"info","message":"CSRF from client: undefined","timestamp":"2014-11-23T08:02:50.200Z"}
{"level":"info","message":"CSRF NOT REQUIRED","timestamp":"2014-11-23T08:02:50.200Z"}
{"level":"info","message":"Looking up pages...","timestamp":"2014-11-23T08:02:50.200Z"}
{"level":"info","message":"**** NEW REQUEST ****","timestamp":"2014-11-23T08:02:50.201Z"}
{"level":"info","message":"REQ GET: /fluff/js/bootstrap.js from 127.0.0.1","timestamp":"2014-11-23T08:02:50.201Z"}
{"level":"info","message":"REQ BODY: {\"password\":\"[private]\",\"confirmPassword\":\"[private]\"}","timestamp":"2014-11-23T08:02:50.201Z"}
{"level":"info","message":"REQ HEADERS: {\"host\":\"localhost:3000\",\"accept-encoding\":\"gzip, deflate\",\"cookie\":\"connect.sid=s%3AJ3cTQorkrLAbxxpjYXwusISQiPuZ1IH2.SvE%2BifYaWuS%2FVig5F%2FFFa0IbkxrgaeGcfu2WbuUnWN0\",\"connection\":\"keep-alive\",\"if-none-match\":\"W/\\\"7c4b-1246558897\\\"\",\"accept\":\"*/*\",\"if-modified-since\":\"Thu, 26 Jun 2014 16:14:11 GMT\",\"user-agent\":\"Mozilla/5.0 (Macintosh; Intel Mac OS X 10_10_1) AppleWebKit/600.2.2 (KHTML, like Gecko) Version/8.0.1 Safari/600.2.2\",\"referer\":\"http://localhost:3000/fluff/admin/\",\"cache-control\":\"max-age=0\",\"accept-language\":\"en-us\"}","timestamp":"2014-11-23T08:02:50.201Z"}
{"level":"info","message":"REQ QUERY: {}","timestamp":"2014-11-23T08:02:50.201Z"}
{"level":"info","message":"EXTERNAL URL IS http://localhost:3000/fluff/js/bootstrap.js","timestamp":"2014-11-23T08:02:50.201Z"}
{"level":"info","message":"SSL IS [false]","timestamp":"2014-11-23T08:02:50.201Z"}
{"level":"info","message":"API key not required.","timestamp":"2014-11-23T08:02:50.201Z"}
{"level":"info","message":"CSRF on server: S28uaJVe9Je8ATFpIqnS5rLF for session J3cTQorkrLAbxxpjYXwusISQiPuZ1IH2 for user [object Object]","timestamp":"2014-11-23T08:02:50.201Z"}
{"level":"info","message":"CSRF from client: undefined","timestamp":"2014-11-23T08:02:50.201Z"}
{"level":"info","message":"CSRF NOT REQUIRED","timestamp":"2014-11-23T08:02:50.201Z"}
{"level":"info","message":"Looking up pages...","timestamp":"2014-11-23T08:02:50.202Z"}
{"level":"info","message":"MIME type is text/css","timestamp":"2014-11-23T08:02:50.203Z"}
{"level":"info","message":"Matched a page path.","timestamp":"2014-11-23T08:02:50.203Z"}
{"level":"info","message":"MIME type is application/javascript","timestamp":"2014-11-23T08:02:50.204Z"}
{"level":"info","message":"MIME type is application/javascript","timestamp":"2014-11-23T08:02:50.204Z"}
{"level":"info","message":"MIME type is application/javascript","timestamp":"2014-11-23T08:02:50.205Z"}
{"level":"info","message":"MIME type is application/javascript","timestamp":"2014-11-23T08:02:50.205Z"}
{"level":"info","message":"**** NEW REQUEST ****","timestamp":"2014-11-23T08:02:50.211Z"}
{"level":"info","message":"REQ GET: /fluff/js/spin.js from 127.0.0.1","timestamp":"2014-11-23T08:02:50.211Z"}
{"level":"info","message":"REQ BODY: {\"password\":\"[private]\",\"confirmPassword\":\"[private]\"}","timestamp":"2014-11-23T08:02:50.211Z"}
{"level":"info","message":"REQ HEADERS: {\"host\":\"localhost:3000\",\"accept-encoding\":\"gzip, deflate\",\"cookie\":\"connect.sid=s%3AJ3cTQorkrLAbxxpjYXwusISQiPuZ1IH2.SvE%2BifYaWuS%2FVig5F%2FFFa0IbkxrgaeGcfu2WbuUnWN0\",\"connection\":\"keep-alive\",\"if-none-match\":\"W/\\\"102f-3625611037\\\"\",\"accept\":\"*/*\",\"if-modified-since\":\"Sun, 02 Nov 2014 07:50:06 GMT\",\"user-agent\":\"Mozilla/5.0 (Macintosh; Intel Mac OS X 10_10_1) AppleWebKit/600.2.2 (KHTML, like Gecko) Version/8.0.1 Safari/600.2.2\",\"referer\":\"http://localhost:3000/fluff/user/\",\"cache-control\":\"max-age=0\",\"accept-language\":\"en-us\"}","timestamp":"2014-11-23T08:02:50.211Z"}
{"level":"info","message":"REQ QUERY: {}","timestamp":"2014-11-23T08:02:50.211Z"}
{"level":"info","message":"EXTERNAL URL IS http://localhost:3000/fluff/js/spin.js","timestamp":"2014-11-23T08:02:50.212Z"}
{"level":"info","message":"SSL IS [false]","timestamp":"2014-11-23T08:02:50.212Z"}
{"level":"info","message":"API key not required.","timestamp":"2014-11-23T08:02:50.212Z"}
{"level":"info","message":"CSRF on server: S28uaJVe9Je8ATFpIqnS5rLF for session J3cTQorkrLAbxxpjYXwusISQiPuZ1IH2 for user [object Object]","timestamp":"2014-11-23T08:02:50.212Z"}
{"level":"info","message":"CSRF from client: undefined","timestamp":"2014-11-23T08:02:50.212Z"}
{"level":"info","message":"CSRF NOT REQUIRED","timestamp":"2014-11-23T08:02:50.212Z"}
{"level":"info","message":"Looking up pages...","timestamp":"2014-11-23T08:02:50.213Z"}
{"level":"info","message":"**** NEW REQUEST ****","timestamp":"2014-11-23T08:02:50.214Z"}
{"level":"info","message":"REQ GET: /fluff/js/fluff-ui.js from 127.0.0.1","timestamp":"2014-11-23T08:02:50.214Z"}
{"level":"info","message":"REQ BODY: {\"password\":\"[private]\",\"confirmPassword\":\"[private]\"}","timestamp":"2014-11-23T08:02:50.214Z"}
{"level":"info","message":"REQ HEADERS: {\"host\":\"localhost:3000\",\"accept-encoding\":\"gzip, deflate\",\"cookie\":\"connect.sid=s%3AJ3cTQorkrLAbxxpjYXwusISQiPuZ1IH2.SvE%2BifYaWuS%2FVig5F%2FFFa0IbkxrgaeGcfu2WbuUnWN0\",\"connection\":\"keep-alive\",\"if-none-match\":\"W/\\\"46fe-4169685125\\\"\",\"accept\":\"*/*\",\"if-modified-since\":\"Sun, 23 Nov 2014 08:02:43 GMT\",\"user-agent\":\"Mozilla/5.0 (Macintosh; Intel Mac OS X 10_10_1) AppleWebKit/600.2.2 (KHTML, like Gecko) Version/8.0.1 Safari/600.2.2\",\"referer\":\"http://localhost:3000/fluff/user/\",\"cache-control\":\"max-age=0\",\"accept-language\":\"en-us\"}","timestamp":"2014-11-23T08:02:50.218Z"}
{"level":"info","message":"REQ QUERY: {}","timestamp":"2014-11-23T08:02:50.218Z"}
{"level":"info","message":"EXTERNAL URL IS http://localhost:3000/fluff/js/fluff-ui.js","timestamp":"2014-11-23T08:02:50.218Z"}
{"level":"info","message":"SSL IS [false]","timestamp":"2014-11-23T08:02:50.218Z"}
{"level":"info","message":"API key not required.","timestamp":"2014-11-23T08:02:50.218Z"}
{"level":"info","message":"CSRF on server: S28uaJVe9Je8ATFpIqnS5rLF for session J3cTQorkrLAbxxpjYXwusISQiPuZ1IH2 for user [object Object]","timestamp":"2014-11-23T08:02:50.218Z"}
{"level":"info","message":"CSRF from client: undefined","timestamp":"2014-11-23T08:02:50.218Z"}
{"level":"info","message":"CSRF NOT REQUIRED","timestamp":"2014-11-23T08:02:50.218Z"}
{"level":"info","message":"Looking up pages...","timestamp":"2014-11-23T08:02:50.218Z"}
{"level":"info","message":"MIME type is application/javascript","timestamp":"2014-11-23T08:02:50.219Z"}
{"level":"info","message":"MIME type is application/javascript","timestamp":"2014-11-23T08:02:50.219Z"}
{"level":"info","message":"**** NEW REQUEST ****","timestamp":"2014-11-23T08:02:50.221Z"}
{"level":"info","message":"REQ GET: /fluff/js/fluff.js from 127.0.0.1","timestamp":"2014-11-23T08:02:50.221Z"}
{"level":"info","message":"REQ BODY: {\"password\":\"[private]\",\"confirmPassword\":\"[private]\"}","timestamp":"2014-11-23T08:02:50.221Z"}
{"level":"info","message":"REQ HEADERS: {\"host\":\"localhost:3000\",\"accept-encoding\":\"gzip, deflate\",\"cookie\":\"connect.sid=s%3AJ3cTQorkrLAbxxpjYXwusISQiPuZ1IH2.SvE%2BifYaWuS%2FVig5F%2FFFa0IbkxrgaeGcfu2WbuUnWN0\",\"connection\":\"keep-alive\",\"if-none-match\":\"W/\\\"6e2d-1154371771\\\"\",\"accept\":\"*/*\",\"if-modified-since\":\"Sun, 23 Nov 2014 03:12:05 GMT\",\"user-agent\":\"Mozilla/5.0 (Macintosh; Intel Mac OS X 10_10_1) AppleWebKit/600.2.2 (KHTML, like Gecko) Version/8.0.1 Safari/600.2.2\",\"referer\":\"http://localhost:3000/fluff/user/\",\"cache-control\":\"max-age=0\",\"accept-language\":\"en-us\"}","timestamp":"2014-11-23T08:02:50.221Z"}
{"level":"info","message":"REQ QUERY: {}","timestamp":"2014-11-23T08:02:50.221Z"}
{"level":"info","message":"EXTERNAL URL IS http://localhost:3000/fluff/js/fluff.js","timestamp":"2014-11-23T08:02:50.221Z"}
{"level":"info","message":"SSL IS [false]","timestamp":"2014-11-23T08:02:50.221Z"}
{"level":"info","message":"API key not required.","timestamp":"2014-11-23T08:02:50.221Z"}
{"level":"info","message":"CSRF on server: S28uaJVe9Je8ATFpIqnS5rLF for session J3cTQorkrLAbxxpjYXwusISQiPuZ1IH2 for user [object Object]","timestamp":"2014-11-23T08:02:50.222Z"}
{"level":"info","message":"CSRF from client: undefined","timestamp":"2014-11-23T08:02:50.222Z"}
{"level":"info","message":"CSRF NOT REQUIRED","timestamp":"2014-11-23T08:02:50.222Z"}
{"level":"info","message":"Looking up pages...","timestamp":"2014-11-23T08:02:50.222Z"}
{"level":"info","message":"MIME type is application/javascript","timestamp":"2014-11-23T08:02:50.222Z"}
{"level":"info","message":"**** NEW REQUEST ****","timestamp":"2014-11-23T08:02:50.305Z"}
{"level":"info","message":"REQ GET: /fluff/js/jquery-2.0.3.min.map from 127.0.0.1","timestamp":"2014-11-23T08:02:50.306Z"}
{"level":"info","message":"REQ BODY: {\"password\":\"[private]\",\"confirmPassword\":\"[private]\"}","timestamp":"2014-11-23T08:02:50.306Z"}
{"level":"info","message":"REQ HEADERS: {\"host\":\"localhost:3000\",\"accept\":\"*/*\",\"connection\":\"keep-alive\",\"cookie\":\"connect.sid=s%3AJ3cTQorkrLAbxxpjYXwusISQiPuZ1IH2.SvE%2BifYaWuS%2FVig5F%2FFFa0IbkxrgaeGcfu2WbuUnWN0\",\"user-agent\":\"Mozilla/5.0 (Macintosh; Intel Mac OS X 10_10_1) AppleWebKit/600.2.2 (KHTML, like Gecko) Version/8.0.1 Safari/600.2.2\",\"accept-language\":\"en-us\",\"referer\":\"http://localhost:3000/fluff/user/\",\"accept-encoding\":\"gzip, deflate\"}","timestamp":"2014-11-23T08:02:50.306Z"}
{"level":"info","message":"REQ QUERY: {}","timestamp":"2014-11-23T08:02:50.306Z"}
{"level":"info","message":"EXTERNAL URL IS http://localhost:3000/fluff/js/jquery-2.0.3.min.map","timestamp":"2014-11-23T08:02:50.306Z"}
{"level":"info","message":"SSL IS [false]","timestamp":"2014-11-23T08:02:50.306Z"}
{"level":"info","message":"API key not required.","timestamp":"2014-11-23T08:02:50.306Z"}
{"level":"info","message":"CSRF on server: S28uaJVe9Je8ATFpIqnS5rLF for session J3cTQorkrLAbxxpjYXwusISQiPuZ1IH2 for user [object Object]","timestamp":"2014-11-23T08:02:50.306Z"}
{"level":"info","message":"CSRF from client: undefined","timestamp":"2014-11-23T08:02:50.306Z"}
{"level":"info","message":"CSRF NOT REQUIRED","timestamp":"2014-11-23T08:02:50.306Z"}
{"level":"info","message":"Looking up pages...","timestamp":"2014-11-23T08:02:50.306Z"}
{"level":"info","message":"MIME type is text/html","timestamp":"2014-11-23T08:02:50.307Z"}
{"level":"info","message":"**** NEW REQUEST ****","timestamp":"2014-11-23T08:02:50.322Z"}
{"level":"info","message":"REQ GET: /fluff/js/underscore-min.map from 127.0.0.1","timestamp":"2014-11-23T08:02:50.322Z"}
{"level":"info","message":"REQ BODY: {\"password\":\"[private]\",\"confirmPassword\":\"[private]\"}","timestamp":"2014-11-23T08:02:50.322Z"}
{"level":"info","message":"REQ HEADERS: {\"host\":\"localhost:3000\",\"accept\":\"*/*\",\"connection\":\"keep-alive\",\"cookie\":\"connect.sid=s%3AJ3cTQorkrLAbxxpjYXwusISQiPuZ1IH2.SvE%2BifYaWuS%2FVig5F%2FFFa0IbkxrgaeGcfu2WbuUnWN0\",\"user-agent\":\"Mozilla/5.0 (Macintosh; Intel Mac OS X 10_10_1) AppleWebKit/600.2.2 (KHTML, like Gecko) Version/8.0.1 Safari/600.2.2\",\"accept-language\":\"en-us\",\"referer\":\"http://localhost:3000/fluff/user/\",\"accept-encoding\":\"gzip, deflate\"}","timestamp":"2014-11-23T08:02:50.322Z"}
{"level":"info","message":"REQ QUERY: {}","timestamp":"2014-11-23T08:02:50.322Z"}
{"level":"info","message":"EXTERNAL URL IS http://localhost:3000/fluff/js/underscore-min.map","timestamp":"2014-11-23T08:02:50.322Z"}
{"level":"info","message":"SSL IS [false]","timestamp":"2014-11-23T08:02:50.323Z"}
{"level":"info","message":"API key not required.","timestamp":"2014-11-23T08:02:50.323Z"}
{"level":"info","message":"CSRF on server: S28uaJVe9Je8ATFpIqnS5rLF for session J3cTQorkrLAbxxpjYXwusISQiPuZ1IH2 for user [object Object]","timestamp":"2014-11-23T08:02:50.323Z"}
{"level":"info","message":"CSRF from client: undefined","timestamp":"2014-11-23T08:02:50.323Z"}
{"level":"info","message":"CSRF NOT REQUIRED","timestamp":"2014-11-23T08:02:50.323Z"}
{"level":"info","message":"Looking up pages...","timestamp":"2014-11-23T08:02:50.323Z"}
{"level":"info","message":"**** NEW REQUEST ****","timestamp":"2014-11-23T08:02:50.324Z"}
{"level":"info","message":"REQ GET: /fluff/js/backbone-min.map from 127.0.0.1","timestamp":"2014-11-23T08:02:50.324Z"}
{"level":"info","message":"REQ BODY: {\"password\":\"[private]\",\"confirmPassword\":\"[private]\"}","timestamp":"2014-11-23T08:02:50.324Z"}
{"level":"info","message":"REQ HEADERS: {\"host\":\"localhost:3000\",\"accept\":\"*/*\",\"connection\":\"keep-alive\",\"cookie\":\"connect.sid=s%3AJ3cTQorkrLAbxxpjYXwusISQiPuZ1IH2.SvE%2BifYaWuS%2FVig5F%2FFFa0IbkxrgaeGcfu2WbuUnWN0\",\"user-agent\":\"Mozilla/5.0 (Macintosh; Intel Mac OS X 10_10_1) AppleWebKit/600.2.2 (KHTML, like Gecko) Version/8.0.1 Safari/600.2.2\",\"accept-language\":\"en-us\",\"referer\":\"http://localhost:3000/fluff/user/\",\"accept-encoding\":\"gzip, deflate\"}","timestamp":"2014-11-23T08:02:50.324Z"}
{"level":"info","message":"REQ QUERY: {}","timestamp":"2014-11-23T08:02:50.324Z"}
{"level":"info","message":"EXTERNAL URL IS http://localhost:3000/fluff/js/backbone-min.map","timestamp":"2014-11-23T08:02:50.324Z"}
{"level":"info","message":"SSL IS [false]","timestamp":"2014-11-23T08:02:50.324Z"}
{"level":"info","message":"API key not required.","timestamp":"2014-11-23T08:02:50.324Z"}
{"level":"info","message":"CSRF on server: S28uaJVe9Je8ATFpIqnS5rLF for session J3cTQorkrLAbxxpjYXwusISQiPuZ1IH2 for user [object Object]","timestamp":"2014-11-23T08:02:50.324Z"}
{"level":"info","message":"CSRF from client: undefined","timestamp":"2014-11-23T08:02:50.324Z"}
{"level":"info","message":"CSRF NOT REQUIRED","timestamp":"2014-11-23T08:02:50.324Z"}
{"level":"info","message":"Looking up pages...","timestamp":"2014-11-23T08:02:50.325Z"}
{"level":"info","message":"MIME type is text/html","timestamp":"2014-11-23T08:02:50.325Z"}
{"level":"info","message":"MIME type is text/html","timestamp":"2014-11-23T08:02:50.326Z"}
{"level":"info","message":"**** NEW REQUEST ****","timestamp":"2014-11-23T08:03:11.062Z"}
{"level":"info","message":"REQ GET: /fluff/user/ from 127.0.0.1","timestamp":"2014-11-23T08:03:11.062Z"}
{"level":"info","message":"REQ BODY: {\"password\":\"[private]\",\"confirmPassword\":\"[private]\"}","timestamp":"2014-11-23T08:03:11.062Z"}
{"level":"info","message":"REQ HEADERS: {\"host\":\"localhost:3000\",\"cookie\":\"connect.sid=s%3AJ3cTQorkrLAbxxpjYXwusISQiPuZ1IH2.SvE%2BifYaWuS%2FVig5F%2FFFa0IbkxrgaeGcfu2WbuUnWN0\",\"connection\":\"keep-alive\",\"if-none-match\":\"W/\\\"668-3400530062\\\"\",\"accept\":\"text/html,application/xhtml+xml,application/xml;q=0.9,*/*;q=0.8\",\"if-modified-since\":\"Fri, 21 Nov 2014 22:04:23 GMT\",\"user-agent\":\"Mozilla/5.0 (Macintosh; Intel Mac OS X 10_10_1) AppleWebKit/600.2.2 (KHTML, like Gecko) Version/8.0.1 Safari/600.2.2\",\"accept-language\":\"en-us\",\"cache-control\":\"max-age=0\",\"accept-encoding\":\"gzip, deflate\"}","timestamp":"2014-11-23T08:03:11.063Z"}
{"level":"info","message":"REQ QUERY: {}","timestamp":"2014-11-23T08:03:11.063Z"}
{"level":"info","message":"EXTERNAL URL IS http://localhost:3000/fluff/user/","timestamp":"2014-11-23T08:03:11.063Z"}
{"level":"info","message":"SSL IS [false]","timestamp":"2014-11-23T08:03:11.063Z"}
{"level":"info","message":"API key not required.","timestamp":"2014-11-23T08:03:11.063Z"}
{"level":"info","message":"CSRF on server: S28uaJVe9Je8ATFpIqnS5rLF for session J3cTQorkrLAbxxpjYXwusISQiPuZ1IH2 for user [object Object]","timestamp":"2014-11-23T08:03:11.063Z"}
{"level":"info","message":"CSRF from client: undefined","timestamp":"2014-11-23T08:03:11.063Z"}
{"level":"info","message":"CSRF NOT REQUIRED","timestamp":"2014-11-23T08:03:11.063Z"}
{"level":"info","message":"Looking up pages...","timestamp":"2014-11-23T08:03:11.063Z"}
{"level":"info","message":"MIME type is text/html","timestamp":"2014-11-23T08:03:11.064Z"}
{"level":"info","message":"**** NEW REQUEST ****","timestamp":"2014-11-23T08:03:11.074Z"}
{"level":"info","message":"REQ GET: /fluff/css/bootstrap.css from 127.0.0.1","timestamp":"2014-11-23T08:03:11.074Z"}
{"level":"info","message":"REQ BODY: {\"password\":\"[private]\",\"confirmPassword\":\"[private]\"}","timestamp":"2014-11-23T08:03:11.074Z"}
{"level":"info","message":"REQ HEADERS: {\"host\":\"localhost:3000\",\"accept-encoding\":\"gzip, deflate\",\"cookie\":\"connect.sid=s%3AJ3cTQorkrLAbxxpjYXwusISQiPuZ1IH2.SvE%2BifYaWuS%2FVig5F%2FFFa0IbkxrgaeGcfu2WbuUnWN0\",\"connection\":\"keep-alive\",\"if-none-match\":\"W/\\\"1abce-1246558897\\\"\",\"accept\":\"text/css,*/*;q=0.1\",\"if-modified-since\":\"Thu, 26 Jun 2014 16:14:11 GMT\",\"user-agent\":\"Mozilla/5.0 (Macintosh; Intel Mac OS X 10_10_1) AppleWebKit/600.2.2 (KHTML, like Gecko) Version/8.0.1 Safari/600.2.2\",\"referer\":\"http://localhost:3000/fluff/admin/\",\"cache-control\":\"max-age=0\",\"accept-language\":\"en-us\"}","timestamp":"2014-11-23T08:03:11.074Z"}
{"level":"info","message":"REQ QUERY: {}","timestamp":"2014-11-23T08:03:11.074Z"}
{"level":"info","message":"EXTERNAL URL IS http://localhost:3000/fluff/css/bootstrap.css","timestamp":"2014-11-23T08:03:11.074Z"}
{"level":"info","message":"SSL IS [false]","timestamp":"2014-11-23T08:03:11.074Z"}
{"level":"info","message":"API key not required.","timestamp":"2014-11-23T08:03:11.074Z"}
{"level":"info","message":"CSRF on server: S28uaJVe9Je8ATFpIqnS5rLF for session J3cTQorkrLAbxxpjYXwusISQiPuZ1IH2 for user [object Object]","timestamp":"2014-11-23T08:03:11.074Z"}
{"level":"info","message":"CSRF from client: undefined","timestamp":"2014-11-23T08:03:11.074Z"}
{"level":"info","message":"CSRF NOT REQUIRED","timestamp":"2014-11-23T08:03:11.074Z"}
{"level":"info","message":"Looking up pages...","timestamp":"2014-11-23T08:03:11.074Z"}
{"level":"info","message":"**** NEW REQUEST ****","timestamp":"2014-11-23T08:03:11.076Z"}
{"level":"info","message":"REQ GET: /styles.css from 127.0.0.1","timestamp":"2014-11-23T08:03:11.076Z"}
{"level":"info","message":"REQ BODY: {\"password\":\"[private]\",\"confirmPassword\":\"[private]\"}","timestamp":"2014-11-23T08:03:11.076Z"}
{"level":"info","message":"REQ HEADERS: {\"host\":\"localhost:3000\",\"accept-encoding\":\"gzip, deflate\",\"cookie\":\"connect.sid=s%3AJ3cTQorkrLAbxxpjYXwusISQiPuZ1IH2.SvE%2BifYaWuS%2FVig5F%2FFFa0IbkxrgaeGcfu2WbuUnWN0\",\"connection\":\"keep-alive\",\"if-none-match\":\"W/\\\"131-6729ceeb\\\"\",\"accept\":\"text/css,*/*;q=0.1\",\"user-agent\":\"Mozilla/5.0 (Macintosh; Intel Mac OS X 10_10_1) AppleWebKit/600.2.2 (KHTML, like Gecko) Version/8.0.1 Safari/600.2.2\",\"accept-language\":\"en-us\",\"referer\":\"http://localhost:3000/fluff/user/\",\"cache-control\":\"max-age=0\"}","timestamp":"2014-11-23T08:03:11.076Z"}
{"level":"info","message":"REQ QUERY: {}","timestamp":"2014-11-23T08:03:11.076Z"}
{"level":"info","message":"EXTERNAL URL IS http://localhost:3000/styles.css","timestamp":"2014-11-23T08:03:11.076Z"}
{"level":"info","message":"SSL IS [false]","timestamp":"2014-11-23T08:03:11.076Z"}
{"level":"info","message":"API key not required.","timestamp":"2014-11-23T08:03:11.076Z"}
{"level":"info","message":"CSRF on server: S28uaJVe9Je8ATFpIqnS5rLF for session J3cTQorkrLAbxxpjYXwusISQiPuZ1IH2 for user [object Object]","timestamp":"2014-11-23T08:03:11.076Z"}
{"level":"info","message":"CSRF from client: undefined","timestamp":"2014-11-23T08:03:11.076Z"}
{"level":"info","message":"CSRF NOT REQUIRED","timestamp":"2014-11-23T08:03:11.076Z"}
{"level":"info","message":"Looking up pages...","timestamp":"2014-11-23T08:03:11.076Z"}
{"level":"info","message":"**** NEW REQUEST ****","timestamp":"2014-11-23T08:03:11.077Z"}
{"level":"info","message":"REQ GET: /fluff/js/jquery.js from 127.0.0.1","timestamp":"2014-11-23T08:03:11.077Z"}
{"level":"info","message":"REQ BODY: {\"password\":\"[private]\",\"confirmPassword\":\"[private]\"}","timestamp":"2014-11-23T08:03:11.077Z"}
{"level":"info","message":"REQ HEADERS: {\"host\":\"localhost:3000\",\"accept-encoding\":\"gzip, deflate\",\"cookie\":\"connect.sid=s%3AJ3cTQorkrLAbxxpjYXwusISQiPuZ1IH2.SvE%2BifYaWuS%2FVig5F%2FFFa0IbkxrgaeGcfu2WbuUnWN0\",\"connection\":\"keep-alive\",\"if-none-match\":\"W/\\\"1469c-2638489029\\\"\",\"accept\":\"*/*\",\"if-modified-since\":\"Thu, 01 Aug 2013 00:20:50 GMT\",\"user-agent\":\"Mozilla/5.0 (Macintosh; Intel Mac OS X 10_10_1) AppleWebKit/600.2.2 (KHTML, like Gecko) Version/8.0.1 Safari/600.2.2\",\"referer\":\"http://localhost:3000/fluff/admin/\",\"cache-control\":\"max-age=0\",\"accept-language\":\"en-us\"}","timestamp":"2014-11-23T08:03:11.077Z"}
{"level":"info","message":"REQ QUERY: {}","timestamp":"2014-11-23T08:03:11.077Z"}
{"level":"info","message":"EXTERNAL URL IS http://localhost:3000/fluff/js/jquery.js","timestamp":"2014-11-23T08:03:11.077Z"}
{"level":"info","message":"SSL IS [false]","timestamp":"2014-11-23T08:03:11.077Z"}
{"level":"info","message":"API key not required.","timestamp":"2014-11-23T08:03:11.077Z"}
{"level":"info","message":"CSRF on server: S28uaJVe9Je8ATFpIqnS5rLF for session J3cTQorkrLAbxxpjYXwusISQiPuZ1IH2 for user [object Object]","timestamp":"2014-11-23T08:03:11.077Z"}
{"level":"info","message":"CSRF from client: undefined","timestamp":"2014-11-23T08:03:11.077Z"}
{"level":"info","message":"CSRF NOT REQUIRED","timestamp":"2014-11-23T08:03:11.077Z"}
{"level":"info","message":"Looking up pages...","timestamp":"2014-11-23T08:03:11.078Z"}
{"level":"info","message":"**** NEW REQUEST ****","timestamp":"2014-11-23T08:03:11.078Z"}
{"level":"info","message":"REQ GET: /fluff/js/underscore.js from 127.0.0.1","timestamp":"2014-11-23T08:03:11.078Z"}
{"level":"info","message":"REQ BODY: {\"password\":\"[private]\",\"confirmPassword\":\"[private]\"}","timestamp":"2014-11-23T08:03:11.078Z"}
{"level":"info","message":"REQ HEADERS: {\"host\":\"localhost:3000\",\"accept-encoding\":\"gzip, deflate\",\"cookie\":\"connect.sid=s%3AJ3cTQorkrLAbxxpjYXwusISQiPuZ1IH2.SvE%2BifYaWuS%2FVig5F%2FFFa0IbkxrgaeGcfu2WbuUnWN0\",\"connection\":\"keep-alive\",\"if-none-match\":\"W/\\\"373b-2931244539\\\"\",\"accept\":\"*/*\",\"if-modified-since\":\"Thu, 01 Aug 2013 00:22:57 GMT\",\"user-agent\":\"Mozilla/5.0 (Macintosh; Intel Mac OS X 10_10_1) AppleWebKit/600.2.2 (KHTML, like Gecko) Version/8.0.1 Safari/600.2.2\",\"referer\":\"http://localhost:3000/fluff/admin/\",\"cache-control\":\"max-age=0\",\"accept-language\":\"en-us\"}","timestamp":"2014-11-23T08:03:11.078Z"}
{"level":"info","message":"REQ QUERY: {}","timestamp":"2014-11-23T08:03:11.078Z"}
{"level":"info","message":"EXTERNAL URL IS http://localhost:3000/fluff/js/underscore.js","timestamp":"2014-11-23T08:03:11.078Z"}
{"level":"info","message":"SSL IS [false]","timestamp":"2014-11-23T08:03:11.078Z"}
{"level":"info","message":"API key not required.","timestamp":"2014-11-23T08:03:11.079Z"}
{"level":"info","message":"CSRF on server: S28uaJVe9Je8ATFpIqnS5rLF for session J3cTQorkrLAbxxpjYXwusISQiPuZ1IH2 for user [object Object]","timestamp":"2014-11-23T08:03:11.079Z"}
{"level":"info","message":"CSRF from client: undefined","timestamp":"2014-11-23T08:03:11.079Z"}
{"level":"info","message":"CSRF NOT REQUIRED","timestamp":"2014-11-23T08:03:11.079Z"}
{"level":"info","message":"Looking up pages...","timestamp":"2014-11-23T08:03:11.079Z"}
{"level":"info","message":"**** NEW REQUEST ****","timestamp":"2014-11-23T08:03:11.079Z"}
{"level":"info","message":"REQ GET: /fluff/js/backbone.js from 127.0.0.1","timestamp":"2014-11-23T08:03:11.079Z"}
{"level":"info","message":"REQ BODY: {\"password\":\"[private]\",\"confirmPassword\":\"[private]\"}","timestamp":"2014-11-23T08:03:11.079Z"}
{"level":"info","message":"REQ HEADERS: {\"host\":\"localhost:3000\",\"accept-encoding\":\"gzip, deflate\",\"cookie\":\"connect.sid=s%3AJ3cTQorkrLAbxxpjYXwusISQiPuZ1IH2.SvE%2BifYaWuS%2FVig5F%2FFFa0IbkxrgaeGcfu2WbuUnWN0\",\"connection\":\"keep-alive\",\"if-none-match\":\"W/\\\"4c01-2537161022\\\"\",\"accept\":\"*/*\",\"if-modified-since\":\"Thu, 01 Aug 2013 00:21:57 GMT\",\"user-agent\":\"Mozilla/5.0 (Macintosh; Intel Mac OS X 10_10_1) AppleWebKit/600.2.2 (KHTML, like Gecko) Version/8.0.1 Safari/600.2.2\",\"referer\":\"http://localhost:3000/fluff/admin/\",\"cache-control\":\"max-age=0\",\"accept-language\":\"en-us\"}","timestamp":"2014-11-23T08:03:11.079Z"}
{"level":"info","message":"REQ QUERY: {}","timestamp":"2014-11-23T08:03:11.079Z"}
{"level":"info","message":"EXTERNAL URL IS http://localhost:3000/fluff/js/backbone.js","timestamp":"2014-11-23T08:03:11.080Z"}
{"level":"info","message":"SSL IS [false]","timestamp":"2014-11-23T08:03:11.080Z"}
{"level":"info","message":"API key not required.","timestamp":"2014-11-23T08:03:11.080Z"}
{"level":"info","message":"CSRF on server: S28uaJVe9Je8ATFpIqnS5rLF for session J3cTQorkrLAbxxpjYXwusISQiPuZ1IH2 for user [object Object]","timestamp":"2014-11-23T08:03:11.080Z"}
{"level":"info","message":"CSRF from client: undefined","timestamp":"2014-11-23T08:03:11.080Z"}
{"level":"info","message":"CSRF NOT REQUIRED","timestamp":"2014-11-23T08:03:11.080Z"}
{"level":"info","message":"Looking up pages...","timestamp":"2014-11-23T08:03:11.080Z"}
{"level":"info","message":"**** NEW REQUEST ****","timestamp":"2014-11-23T08:03:11.080Z"}
{"level":"info","message":"REQ GET: /fluff/js/bootstrap.js from 127.0.0.1","timestamp":"2014-11-23T08:03:11.080Z"}
{"level":"info","message":"REQ BODY: {\"password\":\"[private]\",\"confirmPassword\":\"[private]\"}","timestamp":"2014-11-23T08:03:11.081Z"}
{"level":"info","message":"REQ HEADERS: {\"host\":\"localhost:3000\",\"accept-encoding\":\"gzip, deflate\",\"cookie\":\"connect.sid=s%3AJ3cTQorkrLAbxxpjYXwusISQiPuZ1IH2.SvE%2BifYaWuS%2FVig5F%2FFFa0IbkxrgaeGcfu2WbuUnWN0\",\"connection\":\"keep-alive\",\"if-none-match\":\"W/\\\"7c4b-1246558897\\\"\",\"accept\":\"*/*\",\"if-modified-since\":\"Thu, 26 Jun 2014 16:14:11 GMT\",\"user-agent\":\"Mozilla/5.0 (Macintosh; Intel Mac OS X 10_10_1) AppleWebKit/600.2.2 (KHTML, like Gecko) Version/8.0.1 Safari/600.2.2\",\"referer\":\"http://localhost:3000/fluff/admin/\",\"cache-control\":\"max-age=0\",\"accept-language\":\"en-us\"}","timestamp":"2014-11-23T08:03:11.081Z"}
{"level":"info","message":"REQ QUERY: {}","timestamp":"2014-11-23T08:03:11.081Z"}
{"level":"info","message":"EXTERNAL URL IS http://localhost:3000/fluff/js/bootstrap.js","timestamp":"2014-11-23T08:03:11.081Z"}
{"level":"info","message":"SSL IS [false]","timestamp":"2014-11-23T08:03:11.081Z"}
{"level":"info","message":"API key not required.","timestamp":"2014-11-23T08:03:11.081Z"}
{"level":"info","message":"CSRF on server: S28uaJVe9Je8ATFpIqnS5rLF for session J3cTQorkrLAbxxpjYXwusISQiPuZ1IH2 for user [object Object]","timestamp":"2014-11-23T08:03:11.081Z"}
{"level":"info","message":"CSRF from client: undefined","timestamp":"2014-11-23T08:03:11.081Z"}
{"level":"info","message":"CSRF NOT REQUIRED","timestamp":"2014-11-23T08:03:11.081Z"}
{"level":"info","message":"Looking up pages...","timestamp":"2014-11-23T08:03:11.081Z"}
{"level":"info","message":"MIME type is text/css","timestamp":"2014-11-23T08:03:11.082Z"}
{"level":"info","message":"Matched a page path.","timestamp":"2014-11-23T08:03:11.082Z"}
{"level":"info","message":"MIME type is application/javascript","timestamp":"2014-11-23T08:03:11.083Z"}
{"level":"info","message":"MIME type is application/javascript","timestamp":"2014-11-23T08:03:11.084Z"}
{"level":"info","message":"MIME type is application/javascript","timestamp":"2014-11-23T08:03:11.084Z"}
{"level":"info","message":"MIME type is application/javascript","timestamp":"2014-11-23T08:03:11.084Z"}
{"level":"info","message":"**** NEW REQUEST ****","timestamp":"2014-11-23T08:03:11.089Z"}
{"level":"info","message":"REQ GET: /fluff/js/spin.js from 127.0.0.1","timestamp":"2014-11-23T08:03:11.089Z"}
{"level":"info","message":"REQ BODY: {\"password\":\"[private]\",\"confirmPassword\":\"[private]\"}","timestamp":"2014-11-23T08:03:11.089Z"}
{"level":"info","message":"REQ HEADERS: {\"host\":\"localhost:3000\",\"accept-encoding\":\"gzip, deflate\",\"cookie\":\"connect.sid=s%3AJ3cTQorkrLAbxxpjYXwusISQiPuZ1IH2.SvE%2BifYaWuS%2FVig5F%2FFFa0IbkxrgaeGcfu2WbuUnWN0\",\"connection\":\"keep-alive\",\"if-none-match\":\"W/\\\"102f-3625611037\\\"\",\"accept\":\"*/*\",\"if-modified-since\":\"Sun, 02 Nov 2014 07:50:06 GMT\",\"user-agent\":\"Mozilla/5.0 (Macintosh; Intel Mac OS X 10_10_1) AppleWebKit/600.2.2 (KHTML, like Gecko) Version/8.0.1 Safari/600.2.2\",\"referer\":\"http://localhost:3000/fluff/user/\",\"cache-control\":\"max-age=0\",\"accept-language\":\"en-us\"}","timestamp":"2014-11-23T08:03:11.089Z"}
{"level":"info","message":"REQ QUERY: {}","timestamp":"2014-11-23T08:03:11.089Z"}
{"level":"info","message":"EXTERNAL URL IS http://localhost:3000/fluff/js/spin.js","timestamp":"2014-11-23T08:03:11.089Z"}
{"level":"info","message":"SSL IS [false]","timestamp":"2014-11-23T08:03:11.090Z"}
{"level":"info","message":"API key not required.","timestamp":"2014-11-23T08:03:11.090Z"}
{"level":"info","message":"CSRF on server: S28uaJVe9Je8ATFpIqnS5rLF for session J3cTQorkrLAbxxpjYXwusISQiPuZ1IH2 for user [object Object]","timestamp":"2014-11-23T08:03:11.090Z"}
{"level":"info","message":"CSRF from client: undefined","timestamp":"2014-11-23T08:03:11.090Z"}
{"level":"info","message":"CSRF NOT REQUIRED","timestamp":"2014-11-23T08:03:11.090Z"}
{"level":"info","message":"Looking up pages...","timestamp":"2014-11-23T08:03:11.090Z"}
{"level":"info","message":"**** NEW REQUEST ****","timestamp":"2014-11-23T08:03:11.091Z"}
{"level":"info","message":"REQ GET: /fluff/js/fluff-ui.js from 127.0.0.1","timestamp":"2014-11-23T08:03:11.091Z"}
{"level":"info","message":"REQ BODY: {\"password\":\"[private]\",\"confirmPassword\":\"[private]\"}","timestamp":"2014-11-23T08:03:11.091Z"}
{"level":"info","message":"REQ HEADERS: {\"host\":\"localhost:3000\",\"accept-encoding\":\"gzip, deflate\",\"cookie\":\"connect.sid=s%3AJ3cTQorkrLAbxxpjYXwusISQiPuZ1IH2.SvE%2BifYaWuS%2FVig5F%2FFFa0IbkxrgaeGcfu2WbuUnWN0\",\"connection\":\"keep-alive\",\"if-none-match\":\"W/\\\"46fe-4169685125\\\"\",\"accept\":\"*/*\",\"if-modified-since\":\"Sun, 23 Nov 2014 08:02:43 GMT\",\"user-agent\":\"Mozilla/5.0 (Macintosh; Intel Mac OS X 10_10_1) AppleWebKit/600.2.2 (KHTML, like Gecko) Version/8.0.1 Safari/600.2.2\",\"referer\":\"http://localhost:3000/fluff/user/\",\"cache-control\":\"max-age=0\",\"accept-language\":\"en-us\"}","timestamp":"2014-11-23T08:03:11.091Z"}
{"level":"info","message":"REQ QUERY: {}","timestamp":"2014-11-23T08:03:11.091Z"}
{"level":"info","message":"EXTERNAL URL IS http://localhost:3000/fluff/js/fluff-ui.js","timestamp":"2014-11-23T08:03:11.091Z"}
{"level":"info","message":"SSL IS [false]","timestamp":"2014-11-23T08:03:11.091Z"}
{"level":"info","message":"API key not required.","timestamp":"2014-11-23T08:03:11.091Z"}
{"level":"info","message":"CSRF on server: S28uaJVe9Je8ATFpIqnS5rLF for session J3cTQorkrLAbxxpjYXwusISQiPuZ1IH2 for user [object Object]","timestamp":"2014-11-23T08:03:11.091Z"}
{"level":"info","message":"CSRF from client: undefined","timestamp":"2014-11-23T08:03:11.091Z"}
{"level":"info","message":"CSRF NOT REQUIRED","timestamp":"2014-11-23T08:03:11.092Z"}
{"level":"info","message":"Looking up pages...","timestamp":"2014-11-23T08:03:11.092Z"}
{"level":"info","message":"MIME type is application/javascript","timestamp":"2014-11-23T08:03:11.093Z"}
{"level":"info","message":"MIME type is application/javascript","timestamp":"2014-11-23T08:03:11.094Z"}
{"level":"info","message":"**** NEW REQUEST ****","timestamp":"2014-11-23T08:03:11.097Z"}
{"level":"info","message":"REQ GET: /fluff/js/fluff.js from 127.0.0.1","timestamp":"2014-11-23T08:03:11.097Z"}
{"level":"info","message":"REQ BODY: {\"password\":\"[private]\",\"confirmPassword\":\"[private]\"}","timestamp":"2014-11-23T08:03:11.097Z"}
{"level":"info","message":"REQ HEADERS: {\"host\":\"localhost:3000\",\"accept-encoding\":\"gzip, deflate\",\"cookie\":\"connect.sid=s%3AJ3cTQorkrLAbxxpjYXwusISQiPuZ1IH2.SvE%2BifYaWuS%2FVig5F%2FFFa0IbkxrgaeGcfu2WbuUnWN0\",\"connection\":\"keep-alive\",\"if-none-match\":\"W/\\\"6e2d-1154371771\\\"\",\"accept\":\"*/*\",\"if-modified-since\":\"Sun, 23 Nov 2014 03:12:05 GMT\",\"user-agent\":\"Mozilla/5.0 (Macintosh; Intel Mac OS X 10_10_1) AppleWebKit/600.2.2 (KHTML, like Gecko) Version/8.0.1 Safari/600.2.2\",\"referer\":\"http://localhost:3000/fluff/user/\",\"cache-control\":\"max-age=0\",\"accept-language\":\"en-us\"}","timestamp":"2014-11-23T08:03:11.097Z"}
{"level":"info","message":"REQ QUERY: {}","timestamp":"2014-11-23T08:03:11.097Z"}
{"level":"info","message":"EXTERNAL URL IS http://localhost:3000/fluff/js/fluff.js","timestamp":"2014-11-23T08:03:11.097Z"}
{"level":"info","message":"SSL IS [false]","timestamp":"2014-11-23T08:03:11.097Z"}
{"level":"info","message":"API key not required.","timestamp":"2014-11-23T08:03:11.097Z"}
{"level":"info","message":"CSRF on server: S28uaJVe9Je8ATFpIqnS5rLF for session J3cTQorkrLAbxxpjYXwusISQiPuZ1IH2 for user [object Object]","timestamp":"2014-11-23T08:03:11.097Z"}
{"level":"info","message":"CSRF from client: undefined","timestamp":"2014-11-23T08:03:11.097Z"}
{"level":"info","message":"CSRF NOT REQUIRED","timestamp":"2014-11-23T08:03:11.097Z"}
{"level":"info","message":"Looking up pages...","timestamp":"2014-11-23T08:03:11.098Z"}
{"level":"info","message":"MIME type is application/javascript","timestamp":"2014-11-23T08:03:11.100Z"}
{"level":"info","message":"**** NEW REQUEST ****","timestamp":"2014-11-23T08:03:11.145Z"}
{"level":"info","message":"REQ GET: /fluff/admin/api/auth from 127.0.0.1","timestamp":"2014-11-23T08:03:11.145Z"}
{"level":"info","message":"REQ BODY: {\"password\":\"[private]\",\"confirmPassword\":\"[private]\"}","timestamp":"2014-11-23T08:03:11.145Z"}
{"level":"info","message":"REQ HEADERS: {\"host\":\"localhost:3000\",\"accept-encoding\":\"gzip, deflate\",\"cookie\":\"connect.sid=s%3AJ3cTQorkrLAbxxpjYXwusISQiPuZ1IH2.SvE%2BifYaWuS%2FVig5F%2FFFa0IbkxrgaeGcfu2WbuUnWN0\",\"connection\":\"keep-alive\",\"x-api-key\":\"1234567890\",\"if-none-match\":\"W/\\\"bd-e0ac711b\\\"\",\"accept\":\"application/json, text/javascript, */*; q=0.01\",\"user-agent\":\"Mozilla/5.0 (Macintosh; Intel Mac OS X 10_10_1) AppleWebKit/600.2.2 (KHTML, like Gecko) Version/8.0.1 Safari/600.2.2\",\"referer\":\"http://localhost:3000/fluff/user/\",\"accept-language\":\"en-us\",\"x-requested-with\":\"XMLHttpRequest\"}","timestamp":"2014-11-23T08:03:11.145Z"}
{"level":"info","message":"REQ QUERY: {}","timestamp":"2014-11-23T08:03:11.145Z"}
{"level":"info","message":"EXTERNAL URL IS http://localhost:3000/fluff/admin/api/auth","timestamp":"2014-11-23T08:03:11.145Z"}
{"level":"info","message":"SSL IS [false]","timestamp":"2014-11-23T08:03:11.146Z"}
{"level":"info","message":"API keys are 1234567890","timestamp":"2014-11-23T08:03:11.146Z"}
{"level":"info","message":"client API key is 1234567890","timestamp":"2014-11-23T08:03:11.146Z"}
{"level":"info","message":"API key OK.","timestamp":"2014-11-23T08:03:11.146Z"}
{"level":"info","message":"CSRF on server: S28uaJVe9Je8ATFpIqnS5rLF for session J3cTQorkrLAbxxpjYXwusISQiPuZ1IH2 for user [object Object]","timestamp":"2014-11-23T08:03:11.146Z"}
{"level":"info","message":"CSRF from client: undefined","timestamp":"2014-11-23T08:03:11.146Z"}
{"level":"info","message":"CSRF NOT REQUIRED","timestamp":"2014-11-23T08:03:11.146Z"}
{"level":"info","message":"**** NEW REQUEST ****","timestamp":"2014-11-23T08:03:11.153Z"}
{"level":"info","message":"REQ GET: /fluff/admin/api/users/info from 127.0.0.1","timestamp":"2014-11-23T08:03:11.153Z"}
{"level":"info","message":"REQ BODY: {\"password\":\"[private]\",\"confirmPassword\":\"[private]\"}","timestamp":"2014-11-23T08:03:11.153Z"}
{"level":"info","message":"REQ HEADERS: {\"host\":\"localhost:3000\",\"x-requested-with\":\"XMLHttpRequest\",\"accept-language\":\"en-us\",\"accept-encoding\":\"gzip, deflate\",\"if-none-match\":\"W/\\\"TQmprJDS+r7Ne40YbG94Fw==\\\"\",\"x-api-key\":\"1234567890\",\"cache-control\":\"max-age=0\",\"user-agent\":\"Mozilla/5.0 (Macintosh; Intel Mac OS X 10_10_1) AppleWebKit/600.2.2 (KHTML, like Gecko) Version/8.0.1 Safari/600.2.2\",\"connection\":\"keep-alive\",\"referer\":\"http://localhost:3000/fluff/user/\",\"accept\":\"application/json, text/javascript, */*; q=0.01\",\"cookie\":\"connect.sid=s%3AJ3cTQorkrLAbxxpjYXwusISQiPuZ1IH2.SvE%2BifYaWuS%2FVig5F%2FFFa0IbkxrgaeGcfu2WbuUnWN0\"}","timestamp":"2014-11-23T08:03:11.154Z"}
{"level":"info","message":"REQ QUERY: {}","timestamp":"2014-11-23T08:03:11.154Z"}
{"level":"info","message":"EXTERNAL URL IS http://localhost:3000/fluff/admin/api/users/info","timestamp":"2014-11-23T08:03:11.154Z"}
{"level":"info","message":"SSL IS [false]","timestamp":"2014-11-23T08:03:11.154Z"}
{"level":"info","message":"API keys are 1234567890","timestamp":"2014-11-23T08:03:11.154Z"}
{"level":"info","message":"client API key is 1234567890","timestamp":"2014-11-23T08:03:11.154Z"}
{"level":"info","message":"API key OK.","timestamp":"2014-11-23T08:03:11.154Z"}
{"level":"info","message":"CSRF on server: S28uaJVe9Je8ATFpIqnS5rLF for session J3cTQorkrLAbxxpjYXwusISQiPuZ1IH2 for user [object Object]","timestamp":"2014-11-23T08:03:11.154Z"}
{"level":"info","message":"CSRF from client: undefined","timestamp":"2014-11-23T08:03:11.154Z"}
{"level":"info","message":"CSRF NOT REQUIRED","timestamp":"2014-11-23T08:03:11.154Z"}
{"level":"info","message":"**** NEW REQUEST ****","timestamp":"2014-11-23T08:03:11.170Z"}
{"level":"info","message":"REQ GET: /fluff/admin/api/users/5449f34ba0947700002c6aee from 127.0.0.1","timestamp":"2014-11-23T08:03:11.170Z"}
{"level":"info","message":"REQ BODY: {\"password\":\"[private]\",\"confirmPassword\":\"[private]\"}","timestamp":"2014-11-23T08:03:11.170Z"}
{"level":"info","message":"REQ HEADERS: {\"host\":\"localhost:3000\",\"x-requested-with\":\"XMLHttpRequest\",\"accept-encoding\":\"gzip, deflate\",\"if-none-match\":\"W/\\\"194-da568293\\\"\",\"x-api-key\":\"1234567890\",\"accept-language\":\"en-us\",\"accept\":\"application/json, text/javascript, */*; q=0.01\",\"user-agent\":\"Mozilla/5.0 (Macintosh; Intel Mac OS X 10_10_1) AppleWebKit/600.2.2 (KHTML, like Gecko) Version/8.0.1 Safari/600.2.2\",\"connection\":\"keep-alive\",\"referer\":\"http://localhost:3000/fluff/user/\",\"x-csrf-token\":\"S28uaJVe9Je8ATFpIqnS5rLF\",\"cookie\":\"connect.sid=s%3AJ3cTQorkrLAbxxpjYXwusISQiPuZ1IH2.SvE%2BifYaWuS%2FVig5F%2FFFa0IbkxrgaeGcfu2WbuUnWN0\"}","timestamp":"2014-11-23T08:03:11.170Z"}
{"level":"info","message":"REQ QUERY: {}","timestamp":"2014-11-23T08:03:11.170Z"}
{"level":"info","message":"EXTERNAL URL IS http://localhost:3000/fluff/admin/api/users/5449f34ba0947700002c6aee","timestamp":"2014-11-23T08:03:11.170Z"}
{"level":"info","message":"SSL IS [false]","timestamp":"2014-11-23T08:03:11.170Z"}
{"level":"info","message":"API keys are 1234567890","timestamp":"2014-11-23T08:03:11.170Z"}
{"level":"info","message":"client API key is 1234567890","timestamp":"2014-11-23T08:03:11.170Z"}
{"level":"info","message":"API key OK.","timestamp":"2014-11-23T08:03:11.170Z"}
{"level":"info","message":"CSRF on server: S28uaJVe9Je8ATFpIqnS5rLF for session J3cTQorkrLAbxxpjYXwusISQiPuZ1IH2 for user [object Object]","timestamp":"2014-11-23T08:03:11.170Z"}
{"level":"info","message":"CSRF from client: S28uaJVe9Je8ATFpIqnS5rLF","timestamp":"2014-11-23T08:03:11.171Z"}
{"level":"info","message":"CSRF NOT REQUIRED","timestamp":"2014-11-23T08:03:11.171Z"}
{"level":"info","message":"The requested resource is: User","timestamp":"2014-11-23T08:03:11.171Z"}
{"level":"info","message":"Restricted to users only.","timestamp":"2014-11-23T08:03:11.171Z"}
{"level":"info","message":"**** NEW REQUEST ****","timestamp":"2014-11-23T08:03:11.292Z"}
{"level":"info","message":"REQ GET: /fluff/js/jquery-2.0.3.min.map from 127.0.0.1","timestamp":"2014-11-23T08:03:11.292Z"}
{"level":"info","message":"REQ BODY: {\"password\":\"[private]\",\"confirmPassword\":\"[private]\"}","timestamp":"2014-11-23T08:03:11.292Z"}
{"level":"info","message":"REQ HEADERS: {\"host\":\"localhost:3000\",\"accept\":\"*/*\",\"connection\":\"keep-alive\",\"cookie\":\"connect.sid=s%3AJ3cTQorkrLAbxxpjYXwusISQiPuZ1IH2.SvE%2BifYaWuS%2FVig5F%2FFFa0IbkxrgaeGcfu2WbuUnWN0\",\"user-agent\":\"Mozilla/5.0 (Macintosh; Intel Mac OS X 10_10_1) AppleWebKit/600.2.2 (KHTML, like Gecko) Version/8.0.1 Safari/600.2.2\",\"accept-language\":\"en-us\",\"referer\":\"http://localhost:3000/fluff/user/\",\"accept-encoding\":\"gzip, deflate\"}","timestamp":"2014-11-23T08:03:11.292Z"}
{"level":"info","message":"REQ QUERY: {}","timestamp":"2014-11-23T08:03:11.292Z"}
{"level":"info","message":"EXTERNAL URL IS http://localhost:3000/fluff/js/jquery-2.0.3.min.map","timestamp":"2014-11-23T08:03:11.293Z"}
{"level":"info","message":"SSL IS [false]","timestamp":"2014-11-23T08:03:11.293Z"}
{"level":"info","message":"API key not required.","timestamp":"2014-11-23T08:03:11.293Z"}
{"level":"info","message":"CSRF on server: S28uaJVe9Je8ATFpIqnS5rLF for session J3cTQorkrLAbxxpjYXwusISQiPuZ1IH2 for user [object Object]","timestamp":"2014-11-23T08:03:11.293Z"}
{"level":"info","message":"CSRF from client: undefined","timestamp":"2014-11-23T08:03:11.293Z"}
{"level":"info","message":"CSRF NOT REQUIRED","timestamp":"2014-11-23T08:03:11.293Z"}
{"level":"info","message":"Looking up pages...","timestamp":"2014-11-23T08:03:11.293Z"}
{"level":"info","message":"MIME type is text/html","timestamp":"2014-11-23T08:03:11.294Z"}
{"level":"info","message":"**** NEW REQUEST ****","timestamp":"2014-11-23T08:03:11.298Z"}
{"level":"info","message":"REQ GET: /fluff/js/underscore-min.map from 127.0.0.1","timestamp":"2014-11-23T08:03:11.298Z"}
{"level":"info","message":"REQ BODY: {\"password\":\"[private]\",\"confirmPassword\":\"[private]\"}","timestamp":"2014-11-23T08:03:11.299Z"}
{"level":"info","message":"REQ HEADERS: {\"host\":\"localhost:3000\",\"accept\":\"*/*\",\"connection\":\"keep-alive\",\"cookie\":\"connect.sid=s%3AJ3cTQorkrLAbxxpjYXwusISQiPuZ1IH2.SvE%2BifYaWuS%2FVig5F%2FFFa0IbkxrgaeGcfu2WbuUnWN0\",\"user-agent\":\"Mozilla/5.0 (Macintosh; Intel Mac OS X 10_10_1) AppleWebKit/600.2.2 (KHTML, like Gecko) Version/8.0.1 Safari/600.2.2\",\"accept-language\":\"en-us\",\"referer\":\"http://localhost:3000/fluff/user/\",\"accept-encoding\":\"gzip, deflate\"}","timestamp":"2014-11-23T08:03:11.299Z"}
{"level":"info","message":"REQ QUERY: {}","timestamp":"2014-11-23T08:03:11.299Z"}
{"level":"info","message":"EXTERNAL URL IS http://localhost:3000/fluff/js/underscore-min.map","timestamp":"2014-11-23T08:03:11.299Z"}
{"level":"info","message":"SSL IS [false]","timestamp":"2014-11-23T08:03:11.299Z"}
{"level":"info","message":"API key not required.","timestamp":"2014-11-23T08:03:11.299Z"}
{"level":"info","message":"CSRF on server: S28uaJVe9Je8ATFpIqnS5rLF for session J3cTQorkrLAbxxpjYXwusISQiPuZ1IH2 for user [object Object]","timestamp":"2014-11-23T08:03:11.299Z"}
{"level":"info","message":"CSRF from client: undefined","timestamp":"2014-11-23T08:03:11.299Z"}
{"level":"info","message":"CSRF NOT REQUIRED","timestamp":"2014-11-23T08:03:11.299Z"}
{"level":"info","message":"Looking up pages...","timestamp":"2014-11-23T08:03:11.299Z"}
{"level":"info","message":"MIME type is text/html","timestamp":"2014-11-23T08:03:11.300Z"}
{"level":"info","message":"**** NEW REQUEST ****","timestamp":"2014-11-23T08:03:11.306Z"}
{"level":"info","message":"REQ GET: /fluff/js/backbone-min.map from 127.0.0.1","timestamp":"2014-11-23T08:03:11.306Z"}
{"level":"info","message":"REQ BODY: {\"password\":\"[private]\",\"confirmPassword\":\"[private]\"}","timestamp":"2014-11-23T08:03:11.306Z"}
{"level":"info","message":"REQ HEADERS: {\"host\":\"localhost:3000\",\"accept\":\"*/*\",\"connection\":\"keep-alive\",\"cookie\":\"connect.sid=s%3AJ3cTQorkrLAbxxpjYXwusISQiPuZ1IH2.SvE%2BifYaWuS%2FVig5F%2FFFa0IbkxrgaeGcfu2WbuUnWN0\",\"user-agent\":\"Mozilla/5.0 (Macintosh; Intel Mac OS X 10_10_1) AppleWebKit/600.2.2 (KHTML, like Gecko) Version/8.0.1 Safari/600.2.2\",\"accept-language\":\"en-us\",\"referer\":\"http://localhost:3000/fluff/user/\",\"accept-encoding\":\"gzip, deflate\"}","timestamp":"2014-11-23T08:03:11.306Z"}
{"level":"info","message":"REQ QUERY: {}","timestamp":"2014-11-23T08:03:11.306Z"}
{"level":"info","message":"EXTERNAL URL IS http://localhost:3000/fluff/js/backbone-min.map","timestamp":"2014-11-23T08:03:11.306Z"}
{"level":"info","message":"SSL IS [false]","timestamp":"2014-11-23T08:03:11.306Z"}
{"level":"info","message":"API key not required.","timestamp":"2014-11-23T08:03:11.306Z"}
{"level":"info","message":"CSRF on server: S28uaJVe9Je8ATFpIqnS5rLF for session J3cTQorkrLAbxxpjYXwusISQiPuZ1IH2 for user [object Object]","timestamp":"2014-11-23T08:03:11.307Z"}
{"level":"info","message":"CSRF from client: undefined","timestamp":"2014-11-23T08:03:11.307Z"}
{"level":"info","message":"CSRF NOT REQUIRED","timestamp":"2014-11-23T08:03:11.307Z"}
{"level":"info","message":"Looking up pages...","timestamp":"2014-11-23T08:03:11.307Z"}
{"level":"info","message":"MIME type is text/html","timestamp":"2014-11-23T08:03:11.307Z"}
{"level":"info","message":"**** NEW REQUEST ****","timestamp":"2014-11-23T08:03:15.507Z"}
{"level":"info","message":"REQ DELETE: /fluff/admin/api/auth/J3cTQorkrLAbxxpjYXwusISQiPuZ1IH2 from 127.0.0.1","timestamp":"2014-11-23T08:03:15.507Z"}
{"level":"info","message":"REQ BODY: {\"password\":\"[private]\",\"confirmPassword\":\"[private]\"}","timestamp":"2014-11-23T08:03:15.507Z"}
{"level":"info","message":"REQ HEADERS: {\"host\":\"localhost:3000\",\"x-requested-with\":\"XMLHttpRequest\",\"accept-encoding\":\"gzip, deflate\",\"x-api-key\":\"1234567890\",\"accept-language\":\"en-us\",\"accept\":\"application/json, text/javascript, */*; q=0.01\",\"origin\":\"http://localhost:3000\",\"content-length\":\"0\",\"user-agent\":\"Mozilla/5.0 (Macintosh; Intel Mac OS X 10_10_1) AppleWebKit/600.2.2 (KHTML, like Gecko) Version/8.0.1 Safari/600.2.2\",\"referer\":\"http://localhost:3000/fluff/user/\",\"connection\":\"keep-alive\",\"x-csrf-token\":\"S28uaJVe9Je8ATFpIqnS5rLF\",\"cookie\":\"connect.sid=s%3AJ3cTQorkrLAbxxpjYXwusISQiPuZ1IH2.SvE%2BifYaWuS%2FVig5F%2FFFa0IbkxrgaeGcfu2WbuUnWN0\"}","timestamp":"2014-11-23T08:03:15.508Z"}
{"level":"info","message":"REQ QUERY: {}","timestamp":"2014-11-23T08:03:15.508Z"}
{"level":"info","message":"EXTERNAL URL IS http://localhost:3000/fluff/admin/api/auth/J3cTQorkrLAbxxpjYXwusISQiPuZ1IH2","timestamp":"2014-11-23T08:03:15.508Z"}
{"level":"info","message":"SSL IS [false]","timestamp":"2014-11-23T08:03:15.508Z"}
{"level":"info","message":"API keys are 1234567890","timestamp":"2014-11-23T08:03:15.508Z"}
{"level":"info","message":"client API key is 1234567890","timestamp":"2014-11-23T08:03:15.508Z"}
{"level":"info","message":"API key OK.","timestamp":"2014-11-23T08:03:15.508Z"}
{"level":"info","message":"CSRF on server: S28uaJVe9Je8ATFpIqnS5rLF for session J3cTQorkrLAbxxpjYXwusISQiPuZ1IH2 for user [object Object]","timestamp":"2014-11-23T08:03:15.509Z"}
{"level":"info","message":"CSRF from client: S28uaJVe9Je8ATFpIqnS5rLF","timestamp":"2014-11-23T08:03:15.509Z"}
{"level":"info","message":"**** NEW REQUEST ****","timestamp":"2014-11-23T08:03:23.588Z"}
{"level":"info","message":"REQ POST: /fluff/admin/api/auth from 127.0.0.1","timestamp":"2014-11-23T08:03:23.588Z"}
{"level":"info","message":"REQ BODY: {\"email\":\"admin@domain.com\",\"password\":\"[private]\",\"confirmPassword\":\"[private]\"}","timestamp":"2014-11-23T08:03:23.588Z"}
{"level":"info","message":"REQ HEADERS: {\"host\":\"localhost:3000\",\"accept\":\"application/json, text/javascript, */*; q=0.01\",\"x-requested-with\":\"XMLHttpRequest\",\"accept-encoding\":\"gzip, deflate\",\"x-api-key\":\"1234567890\",\"accept-language\":\"en-us\",\"content-type\":\"application/json\",\"origin\":\"http://localhost:3000\",\"content-length\":\"47\",\"user-agent\":\"Mozilla/5.0 (Macintosh; Intel Mac OS X 10_10_1) AppleWebKit/600.2.2 (KHTML, like Gecko) Version/8.0.1 Safari/600.2.2\",\"referer\":\"http://localhost:3000/fluff/user/\",\"connection\":\"keep-alive\",\"cookie\":\"connect.sid=s%3ASP43rM_JaEJs_iTX3qW0nLTafREYOsIN.CWbtss8Fl8%2F6DQb4D7q9DB%2BMXDElkmEaBz0H9%2Bcx4Po\"}","timestamp":"2014-11-23T08:03:23.588Z"}
{"level":"info","message":"REQ QUERY: {}","timestamp":"2014-11-23T08:03:23.588Z"}
{"level":"info","message":"EXTERNAL URL IS http://localhost:3000/fluff/admin/api/auth","timestamp":"2014-11-23T08:03:23.588Z"}
{"level":"info","message":"SSL IS [false]","timestamp":"2014-11-23T08:03:23.588Z"}
{"level":"info","message":"API keys are 1234567890","timestamp":"2014-11-23T08:03:23.589Z"}
{"level":"info","message":"client API key is 1234567890","timestamp":"2014-11-23T08:03:23.589Z"}
{"level":"info","message":"API key OK.","timestamp":"2014-11-23T08:03:23.589Z"}
{"level":"info","message":"CSRF on server: jG11xhOn2p7fTMhorpf4bus5 for session SP43rM_JaEJs_iTX3qW0nLTafREYOsIN for user null","timestamp":"2014-11-23T08:03:23.589Z"}
{"level":"info","message":"CSRF from client: undefined","timestamp":"2014-11-23T08:03:23.589Z"}
{"level":"info","message":"CSRF NOT REQUIRED","timestamp":"2014-11-23T08:03:23.589Z"}
{"level":"info","message":"Authenticating a user...","timestamp":"2014-11-23T08:03:23.589Z"}
{"level":"info","message":"LOGIN FOUND USER: admin@domain.com","timestamp":"2014-11-23T08:03:23.590Z"}
{"level":"info","message":"LOGIN USER Default Administrator:admin@domain.com","timestamp":"2014-11-23T08:03:23.590Z"}
{"level":"info","message":"undefined","timestamp":"2014-11-23T08:03:23.590Z"}
{"level":"info","message":"**** NEW REQUEST ****","timestamp":"2014-11-23T08:04:38.685Z"}
{"level":"info","message":"REQ DELETE: /fluff/admin/api/auth/SP43rM_JaEJs_iTX3qW0nLTafREYOsIN from 127.0.0.1","timestamp":"2014-11-23T08:04:38.685Z"}
{"level":"info","message":"REQ BODY: {\"password\":\"[private]\",\"confirmPassword\":\"[private]\"}","timestamp":"2014-11-23T08:04:38.685Z"}
{"level":"info","message":"REQ HEADERS: {\"host\":\"localhost:3000\",\"x-requested-with\":\"XMLHttpRequest\",\"accept-encoding\":\"gzip, deflate\",\"x-api-key\":\"1234567890\",\"accept-language\":\"en-us\",\"accept\":\"application/json, text/javascript, */*; q=0.01\",\"origin\":\"http://localhost:3000\",\"content-length\":\"0\",\"user-agent\":\"Mozilla/5.0 (Macintosh; Intel Mac OS X 10_10_1) AppleWebKit/600.2.2 (KHTML, like Gecko) Version/8.0.1 Safari/600.2.2\",\"referer\":\"http://localhost:3000/fluff/user/\",\"connection\":\"keep-alive\",\"x-csrf-token\":\"jG11xhOn2p7fTMhorpf4bus5\",\"cookie\":\"connect.sid=s%3ASP43rM_JaEJs_iTX3qW0nLTafREYOsIN.CWbtss8Fl8%2F6DQb4D7q9DB%2BMXDElkmEaBz0H9%2Bcx4Po\"}","timestamp":"2014-11-23T08:04:38.686Z"}
{"level":"info","message":"REQ QUERY: {}","timestamp":"2014-11-23T08:04:38.686Z"}
{"level":"info","message":"EXTERNAL URL IS http://localhost:3000/fluff/admin/api/auth/SP43rM_JaEJs_iTX3qW0nLTafREYOsIN","timestamp":"2014-11-23T08:04:38.686Z"}
{"level":"info","message":"SSL IS [false]","timestamp":"2014-11-23T08:04:38.686Z"}
{"level":"info","message":"API keys are 1234567890","timestamp":"2014-11-23T08:04:38.686Z"}
{"level":"info","message":"client API key is 1234567890","timestamp":"2014-11-23T08:04:38.686Z"}
{"level":"info","message":"API key OK.","timestamp":"2014-11-23T08:04:38.686Z"}
{"level":"info","message":"CSRF on server: jG11xhOn2p7fTMhorpf4bus5 for session SP43rM_JaEJs_iTX3qW0nLTafREYOsIN for user [object Object]","timestamp":"2014-11-23T08:04:38.686Z"}
{"level":"info","message":"CSRF from client: jG11xhOn2p7fTMhorpf4bus5","timestamp":"2014-11-23T08:04:38.686Z"}
{"level":"info","message":"**** NEW REQUEST ****","timestamp":"2014-11-23T08:04:45.634Z"}
{"level":"info","message":"REQ GET: /fluff/user/ from 127.0.0.1","timestamp":"2014-11-23T08:04:45.634Z"}
{"level":"info","message":"REQ BODY: {\"password\":\"[private]\",\"confirmPassword\":\"[private]\"}","timestamp":"2014-11-23T08:04:45.634Z"}
{"level":"info","message":"REQ HEADERS: {\"host\":\"localhost:3000\",\"cookie\":\"connect.sid=s%3AMhj_5iZ7gJFwr59PiILrxJPY6Gr8obrU.Vt974gS4XNAqISuTo5xPnmfKMzQlZnHM6iMztPQXlnY\",\"connection\":\"keep-alive\",\"if-none-match\":\"W/\\\"668-3400530062\\\"\",\"accept\":\"text/html,application/xhtml+xml,application/xml;q=0.9,*/*;q=0.8\",\"if-modified-since\":\"Fri, 21 Nov 2014 22:04:23 GMT\",\"user-agent\":\"Mozilla/5.0 (Macintosh; Intel Mac OS X 10_10_1) AppleWebKit/600.2.2 (KHTML, like Gecko) Version/8.0.1 Safari/600.2.2\",\"accept-language\":\"en-us\",\"cache-control\":\"max-age=0\",\"accept-encoding\":\"gzip, deflate\"}","timestamp":"2014-11-23T08:04:45.634Z"}
{"level":"info","message":"REQ QUERY: {}","timestamp":"2014-11-23T08:04:45.634Z"}
{"level":"info","message":"EXTERNAL URL IS http://localhost:3000/fluff/user/","timestamp":"2014-11-23T08:04:45.634Z"}
{"level":"info","message":"SSL IS [false]","timestamp":"2014-11-23T08:04:45.634Z"}
{"level":"info","message":"API key not required.","timestamp":"2014-11-23T08:04:45.634Z"}
{"level":"info","message":"CSRF on server: yWvyQX4X7w3CrEU2rIK3XGSW for session Mhj_5iZ7gJFwr59PiILrxJPY6Gr8obrU for user null","timestamp":"2014-11-23T08:04:45.634Z"}
{"level":"info","message":"CSRF from client: undefined","timestamp":"2014-11-23T08:04:45.634Z"}
{"level":"info","message":"CSRF NOT REQUIRED","timestamp":"2014-11-23T08:04:45.634Z"}
{"level":"info","message":"Looking up pages...","timestamp":"2014-11-23T08:04:45.634Z"}
{"level":"info","message":"MIME type is text/html","timestamp":"2014-11-23T08:04:45.635Z"}
{"level":"info","message":"**** NEW REQUEST ****","timestamp":"2014-11-23T08:04:45.646Z"}
{"level":"info","message":"REQ GET: /fluff/css/bootstrap.css from 127.0.0.1","timestamp":"2014-11-23T08:04:45.646Z"}
{"level":"info","message":"REQ BODY: {\"password\":\"[private]\",\"confirmPassword\":\"[private]\"}","timestamp":"2014-11-23T08:04:45.646Z"}
{"level":"info","message":"REQ HEADERS: {\"host\":\"localhost:3000\",\"accept-encoding\":\"gzip, deflate\",\"cookie\":\"connect.sid=s%3AMhj_5iZ7gJFwr59PiILrxJPY6Gr8obrU.Vt974gS4XNAqISuTo5xPnmfKMzQlZnHM6iMztPQXlnY\",\"connection\":\"keep-alive\",\"if-none-match\":\"W/\\\"1abce-1246558897\\\"\",\"accept\":\"text/css,*/*;q=0.1\",\"if-modified-since\":\"Thu, 26 Jun 2014 16:14:11 GMT\",\"user-agent\":\"Mozilla/5.0 (Macintosh; Intel Mac OS X 10_10_1) AppleWebKit/600.2.2 (KHTML, like Gecko) Version/8.0.1 Safari/600.2.2\",\"referer\":\"http://localhost:3000/fluff/admin/\",\"cache-control\":\"max-age=0\",\"accept-language\":\"en-us\"}","timestamp":"2014-11-23T08:04:45.646Z"}
{"level":"info","message":"REQ QUERY: {}","timestamp":"2014-11-23T08:04:45.646Z"}
{"level":"info","message":"EXTERNAL URL IS http://localhost:3000/fluff/css/bootstrap.css","timestamp":"2014-11-23T08:04:45.646Z"}
{"level":"info","message":"SSL IS [false]","timestamp":"2014-11-23T08:04:45.647Z"}
{"level":"info","message":"API key not required.","timestamp":"2014-11-23T08:04:45.647Z"}
{"level":"info","message":"CSRF on server: yWvyQX4X7w3CrEU2rIK3XGSW for session Mhj_5iZ7gJFwr59PiILrxJPY6Gr8obrU for user null","timestamp":"2014-11-23T08:04:45.647Z"}
{"level":"info","message":"CSRF from client: undefined","timestamp":"2014-11-23T08:04:45.647Z"}
{"level":"info","message":"CSRF NOT REQUIRED","timestamp":"2014-11-23T08:04:45.648Z"}
{"level":"info","message":"Looking up pages...","timestamp":"2014-11-23T08:04:45.649Z"}
{"level":"info","message":"MIME type is text/css","timestamp":"2014-11-23T08:04:45.650Z"}
{"level":"info","message":"**** NEW REQUEST ****","timestamp":"2014-11-23T08:04:45.651Z"}
{"level":"info","message":"REQ GET: /styles.css from 127.0.0.1","timestamp":"2014-11-23T08:04:45.651Z"}
{"level":"info","message":"REQ BODY: {\"password\":\"[private]\",\"confirmPassword\":\"[private]\"}","timestamp":"2014-11-23T08:04:45.651Z"}
{"level":"info","message":"REQ HEADERS: {\"host\":\"localhost:3000\",\"accept-encoding\":\"gzip, deflate\",\"cookie\":\"connect.sid=s%3AMhj_5iZ7gJFwr59PiILrxJPY6Gr8obrU.Vt974gS4XNAqISuTo5xPnmfKMzQlZnHM6iMztPQXlnY\",\"connection\":\"keep-alive\",\"if-none-match\":\"W/\\\"131-6729ceeb\\\"\",\"accept\":\"text/css,*/*;q=0.1\",\"user-agent\":\"Mozilla/5.0 (Macintosh; Intel Mac OS X 10_10_1) AppleWebKit/600.2.2 (KHTML, like Gecko) Version/8.0.1 Safari/600.2.2\",\"accept-language\":\"en-us\",\"referer\":\"http://localhost:3000/fluff/user/\",\"cache-control\":\"max-age=0\"}","timestamp":"2014-11-23T08:04:45.651Z"}
{"level":"info","message":"REQ QUERY: {}","timestamp":"2014-11-23T08:04:45.651Z"}
{"level":"info","message":"EXTERNAL URL IS http://localhost:3000/styles.css","timestamp":"2014-11-23T08:04:45.651Z"}
{"level":"info","message":"SSL IS [false]","timestamp":"2014-11-23T08:04:45.651Z"}
{"level":"info","message":"API key not required.","timestamp":"2014-11-23T08:04:45.652Z"}
{"level":"info","message":"CSRF on server: yWvyQX4X7w3CrEU2rIK3XGSW for session Mhj_5iZ7gJFwr59PiILrxJPY6Gr8obrU for user null","timestamp":"2014-11-23T08:04:45.652Z"}
{"level":"info","message":"CSRF from client: undefined","timestamp":"2014-11-23T08:04:45.652Z"}
{"level":"info","message":"CSRF NOT REQUIRED","timestamp":"2014-11-23T08:04:45.652Z"}
{"level":"info","message":"Looking up pages...","timestamp":"2014-11-23T08:04:45.652Z"}
{"level":"info","message":"**** NEW REQUEST ****","timestamp":"2014-11-23T08:04:45.652Z"}
{"level":"info","message":"REQ GET: /fluff/js/underscore.js from 127.0.0.1","timestamp":"2014-11-23T08:04:45.652Z"}
{"level":"info","message":"REQ BODY: {\"password\":\"[private]\",\"confirmPassword\":\"[private]\"}","timestamp":"2014-11-23T08:04:45.652Z"}
{"level":"info","message":"REQ HEADERS: {\"host\":\"localhost:3000\",\"accept-encoding\":\"gzip, deflate\",\"cookie\":\"connect.sid=s%3AMhj_5iZ7gJFwr59PiILrxJPY6Gr8obrU.Vt974gS4XNAqISuTo5xPnmfKMzQlZnHM6iMztPQXlnY\",\"connection\":\"keep-alive\",\"if-none-match\":\"W/\\\"373b-2931244539\\\"\",\"accept\":\"*/*\",\"if-modified-since\":\"Thu, 01 Aug 2013 00:22:57 GMT\",\"user-agent\":\"Mozilla/5.0 (Macintosh; Intel Mac OS X 10_10_1) AppleWebKit/600.2.2 (KHTML, like Gecko) Version/8.0.1 Safari/600.2.2\",\"referer\":\"http://localhost:3000/fluff/admin/\",\"cache-control\":\"max-age=0\",\"accept-language\":\"en-us\"}","timestamp":"2014-11-23T08:04:45.652Z"}
{"level":"info","message":"REQ QUERY: {}","timestamp":"2014-11-23T08:04:45.653Z"}
{"level":"info","message":"EXTERNAL URL IS http://localhost:3000/fluff/js/underscore.js","timestamp":"2014-11-23T08:04:45.653Z"}
{"level":"info","message":"SSL IS [false]","timestamp":"2014-11-23T08:04:45.653Z"}
{"level":"info","message":"API key not required.","timestamp":"2014-11-23T08:04:45.653Z"}
{"level":"info","message":"CSRF on server: yWvyQX4X7w3CrEU2rIK3XGSW for session Mhj_5iZ7gJFwr59PiILrxJPY6Gr8obrU for user null","timestamp":"2014-11-23T08:04:45.653Z"}
{"level":"info","message":"CSRF from client: undefined","timestamp":"2014-11-23T08:04:45.653Z"}
{"level":"info","message":"CSRF NOT REQUIRED","timestamp":"2014-11-23T08:04:45.653Z"}
{"level":"info","message":"Looking up pages...","timestamp":"2014-11-23T08:04:45.653Z"}
{"level":"info","message":"**** NEW REQUEST ****","timestamp":"2014-11-23T08:04:45.654Z"}
{"level":"info","message":"REQ GET: /fluff/js/backbone.js from 127.0.0.1","timestamp":"2014-11-23T08:04:45.654Z"}
{"level":"info","message":"REQ BODY: {\"password\":\"[private]\",\"confirmPassword\":\"[private]\"}","timestamp":"2014-11-23T08:04:45.654Z"}
{"level":"info","message":"REQ HEADERS: {\"host\":\"localhost:3000\",\"accept-encoding\":\"gzip, deflate\",\"cookie\":\"connect.sid=s%3AMhj_5iZ7gJFwr59PiILrxJPY6Gr8obrU.Vt974gS4XNAqISuTo5xPnmfKMzQlZnHM6iMztPQXlnY\",\"connection\":\"keep-alive\",\"if-none-match\":\"W/\\\"4c01-2537161022\\\"\",\"accept\":\"*/*\",\"if-modified-since\":\"Thu, 01 Aug 2013 00:21:57 GMT\",\"user-agent\":\"Mozilla/5.0 (Macintosh; Intel Mac OS X 10_10_1) AppleWebKit/600.2.2 (KHTML, like Gecko) Version/8.0.1 Safari/600.2.2\",\"referer\":\"http://localhost:3000/fluff/admin/\",\"cache-control\":\"max-age=0\",\"accept-language\":\"en-us\"}","timestamp":"2014-11-23T08:04:45.654Z"}
{"level":"info","message":"REQ QUERY: {}","timestamp":"2014-11-23T08:04:45.654Z"}
{"level":"info","message":"EXTERNAL URL IS http://localhost:3000/fluff/js/backbone.js","timestamp":"2014-11-23T08:04:45.654Z"}
{"level":"info","message":"SSL IS [false]","timestamp":"2014-11-23T08:04:45.654Z"}
{"level":"info","message":"API key not required.","timestamp":"2014-11-23T08:04:45.654Z"}
{"level":"info","message":"CSRF on server: yWvyQX4X7w3CrEU2rIK3XGSW for session Mhj_5iZ7gJFwr59PiILrxJPY6Gr8obrU for user null","timestamp":"2014-11-23T08:04:45.654Z"}
{"level":"info","message":"CSRF from client: undefined","timestamp":"2014-11-23T08:04:45.654Z"}
{"level":"info","message":"CSRF NOT REQUIRED","timestamp":"2014-11-23T08:04:45.654Z"}
{"level":"info","message":"Looking up pages...","timestamp":"2014-11-23T08:04:45.654Z"}
{"level":"info","message":"**** NEW REQUEST ****","timestamp":"2014-11-23T08:04:45.655Z"}
{"level":"info","message":"REQ GET: /fluff/js/bootstrap.js from 127.0.0.1","timestamp":"2014-11-23T08:04:45.655Z"}
{"level":"info","message":"REQ BODY: {\"password\":\"[private]\",\"confirmPassword\":\"[private]\"}","timestamp":"2014-11-23T08:04:45.655Z"}
{"level":"info","message":"REQ HEADERS: {\"host\":\"localhost:3000\",\"accept-encoding\":\"gzip, deflate\",\"cookie\":\"connect.sid=s%3AMhj_5iZ7gJFwr59PiILrxJPY6Gr8obrU.Vt974gS4XNAqISuTo5xPnmfKMzQlZnHM6iMztPQXlnY\",\"connection\":\"keep-alive\",\"if-none-match\":\"W/\\\"7c4b-1246558897\\\"\",\"accept\":\"*/*\",\"if-modified-since\":\"Thu, 26 Jun 2014 16:14:11 GMT\",\"user-agent\":\"Mozilla/5.0 (Macintosh; Intel Mac OS X 10_10_1) AppleWebKit/600.2.2 (KHTML, like Gecko) Version/8.0.1 Safari/600.2.2\",\"referer\":\"http://localhost:3000/fluff/admin/\",\"cache-control\":\"max-age=0\",\"accept-language\":\"en-us\"}","timestamp":"2014-11-23T08:04:45.655Z"}
{"level":"info","message":"REQ QUERY: {}","timestamp":"2014-11-23T08:04:45.655Z"}
{"level":"info","message":"EXTERNAL URL IS http://localhost:3000/fluff/js/bootstrap.js","timestamp":"2014-11-23T08:04:45.655Z"}
{"level":"info","message":"SSL IS [false]","timestamp":"2014-11-23T08:04:45.655Z"}
{"level":"info","message":"API key not required.","timestamp":"2014-11-23T08:04:45.655Z"}
{"level":"info","message":"CSRF on server: yWvyQX4X7w3CrEU2rIK3XGSW for session Mhj_5iZ7gJFwr59PiILrxJPY6Gr8obrU for user null","timestamp":"2014-11-23T08:04:45.655Z"}
{"level":"info","message":"CSRF from client: undefined","timestamp":"2014-11-23T08:04:45.655Z"}
{"level":"info","message":"CSRF NOT REQUIRED","timestamp":"2014-11-23T08:04:45.655Z"}
{"level":"info","message":"Looking up pages...","timestamp":"2014-11-23T08:04:45.655Z"}
{"level":"info","message":"**** NEW REQUEST ****","timestamp":"2014-11-23T08:04:45.656Z"}
{"level":"info","message":"REQ GET: /fluff/js/jquery.js from 127.0.0.1","timestamp":"2014-11-23T08:04:45.656Z"}
{"level":"info","message":"REQ BODY: {\"password\":\"[private]\",\"confirmPassword\":\"[private]\"}","timestamp":"2014-11-23T08:04:45.656Z"}
{"level":"info","message":"REQ HEADERS: {\"host\":\"localhost:3000\",\"accept-encoding\":\"gzip, deflate\",\"cookie\":\"connect.sid=s%3AMhj_5iZ7gJFwr59PiILrxJPY6Gr8obrU.Vt974gS4XNAqISuTo5xPnmfKMzQlZnHM6iMztPQXlnY\",\"connection\":\"keep-alive\",\"if-none-match\":\"W/\\\"1469c-2638489029\\\"\",\"accept\":\"*/*\",\"if-modified-since\":\"Thu, 01 Aug 2013 00:20:50 GMT\",\"user-agent\":\"Mozilla/5.0 (Macintosh; Intel Mac OS X 10_10_1) AppleWebKit/600.2.2 (KHTML, like Gecko) Version/8.0.1 Safari/600.2.2\",\"referer\":\"http://localhost:3000/fluff/admin/\",\"cache-control\":\"max-age=0\",\"accept-language\":\"en-us\"}","timestamp":"2014-11-23T08:04:45.656Z"}
{"level":"info","message":"REQ QUERY: {}","timestamp":"2014-11-23T08:04:45.657Z"}
{"level":"info","message":"EXTERNAL URL IS http://localhost:3000/fluff/js/jquery.js","timestamp":"2014-11-23T08:04:45.657Z"}
{"level":"info","message":"SSL IS [false]","timestamp":"2014-11-23T08:04:45.657Z"}
{"level":"info","message":"API key not required.","timestamp":"2014-11-23T08:04:45.657Z"}
{"level":"info","message":"CSRF on server: yWvyQX4X7w3CrEU2rIK3XGSW for session Mhj_5iZ7gJFwr59PiILrxJPY6Gr8obrU for user null","timestamp":"2014-11-23T08:04:45.657Z"}
{"level":"info","message":"CSRF from client: undefined","timestamp":"2014-11-23T08:04:45.657Z"}
{"level":"info","message":"CSRF NOT REQUIRED","timestamp":"2014-11-23T08:04:45.657Z"}
{"level":"info","message":"Looking up pages...","timestamp":"2014-11-23T08:04:45.657Z"}
{"level":"info","message":"Matched a page path.","timestamp":"2014-11-23T08:04:45.659Z"}
{"level":"info","message":"MIME type is application/javascript","timestamp":"2014-11-23T08:04:45.659Z"}
{"level":"info","message":"MIME type is application/javascript","timestamp":"2014-11-23T08:04:45.660Z"}
{"level":"info","message":"MIME type is application/javascript","timestamp":"2014-11-23T08:04:45.660Z"}
{"level":"info","message":"**** NEW REQUEST ****","timestamp":"2014-11-23T08:04:45.661Z"}
{"level":"info","message":"REQ GET: /fluff/js/spin.js from 127.0.0.1","timestamp":"2014-11-23T08:04:45.661Z"}
{"level":"info","message":"REQ BODY: {\"password\":\"[private]\",\"confirmPassword\":\"[private]\"}","timestamp":"2014-11-23T08:04:45.661Z"}
{"level":"info","message":"REQ HEADERS: {\"host\":\"localhost:3000\",\"accept-encoding\":\"gzip, deflate\",\"cookie\":\"connect.sid=s%3AMhj_5iZ7gJFwr59PiILrxJPY6Gr8obrU.Vt974gS4XNAqISuTo5xPnmfKMzQlZnHM6iMztPQXlnY\",\"connection\":\"keep-alive\",\"if-none-match\":\"W/\\\"102f-3625611037\\\"\",\"accept\":\"*/*\",\"if-modified-since\":\"Sun, 02 Nov 2014 07:50:06 GMT\",\"user-agent\":\"Mozilla/5.0 (Macintosh; Intel Mac OS X 10_10_1) AppleWebKit/600.2.2 (KHTML, like Gecko) Version/8.0.1 Safari/600.2.2\",\"referer\":\"http://localhost:3000/fluff/user/\",\"cache-control\":\"max-age=0\",\"accept-language\":\"en-us\"}","timestamp":"2014-11-23T08:04:45.661Z"}
{"level":"info","message":"REQ QUERY: {}","timestamp":"2014-11-23T08:04:45.662Z"}
{"level":"info","message":"EXTERNAL URL IS http://localhost:3000/fluff/js/spin.js","timestamp":"2014-11-23T08:04:45.662Z"}
{"level":"info","message":"SSL IS [false]","timestamp":"2014-11-23T08:04:45.662Z"}
{"level":"info","message":"API key not required.","timestamp":"2014-11-23T08:04:45.662Z"}
{"level":"info","message":"CSRF on server: yWvyQX4X7w3CrEU2rIK3XGSW for session Mhj_5iZ7gJFwr59PiILrxJPY6Gr8obrU for user null","timestamp":"2014-11-23T08:04:45.662Z"}
{"level":"info","message":"CSRF from client: undefined","timestamp":"2014-11-23T08:04:45.662Z"}
{"level":"info","message":"CSRF NOT REQUIRED","timestamp":"2014-11-23T08:04:45.662Z"}
{"level":"info","message":"Looking up pages...","timestamp":"2014-11-23T08:04:45.662Z"}
{"level":"info","message":"MIME type is application/javascript","timestamp":"2014-11-23T08:04:45.663Z"}
{"level":"info","message":"MIME type is application/javascript","timestamp":"2014-11-23T08:04:45.665Z"}
{"level":"info","message":"**** NEW REQUEST ****","timestamp":"2014-11-23T08:04:45.666Z"}
{"level":"info","message":"REQ GET: /fluff/js/fluff-ui.js from 127.0.0.1","timestamp":"2014-11-23T08:04:45.667Z"}
{"level":"info","message":"REQ BODY: {\"password\":\"[private]\",\"confirmPassword\":\"[private]\"}","timestamp":"2014-11-23T08:04:45.667Z"}
{"level":"info","message":"REQ HEADERS: {\"host\":\"localhost:3000\",\"accept-encoding\":\"gzip, deflate\",\"cookie\":\"connect.sid=s%3AMhj_5iZ7gJFwr59PiILrxJPY6Gr8obrU.Vt974gS4XNAqISuTo5xPnmfKMzQlZnHM6iMztPQXlnY\",\"connection\":\"keep-alive\",\"if-none-match\":\"W/\\\"46fd-1265760614\\\"\",\"accept\":\"*/*\",\"if-modified-since\":\"Sun, 23 Nov 2014 08:03:06 GMT\",\"user-agent\":\"Mozilla/5.0 (Macintosh; Intel Mac OS X 10_10_1) AppleWebKit/600.2.2 (KHTML, like Gecko) Version/8.0.1 Safari/600.2.2\",\"referer\":\"http://localhost:3000/fluff/user/\",\"cache-control\":\"max-age=0\",\"accept-language\":\"en-us\"}","timestamp":"2014-11-23T08:04:45.667Z"}
{"level":"info","message":"REQ QUERY: {}","timestamp":"2014-11-23T08:04:45.667Z"}
{"level":"info","message":"EXTERNAL URL IS http://localhost:3000/fluff/js/fluff-ui.js","timestamp":"2014-11-23T08:04:45.667Z"}
{"level":"info","message":"SSL IS [false]","timestamp":"2014-11-23T08:04:45.667Z"}
{"level":"info","message":"API key not required.","timestamp":"2014-11-23T08:04:45.667Z"}
{"level":"info","message":"CSRF on server: yWvyQX4X7w3CrEU2rIK3XGSW for session Mhj_5iZ7gJFwr59PiILrxJPY6Gr8obrU for user null","timestamp":"2014-11-23T08:04:45.667Z"}
{"level":"info","message":"CSRF from client: undefined","timestamp":"2014-11-23T08:04:45.667Z"}
{"level":"info","message":"CSRF NOT REQUIRED","timestamp":"2014-11-23T08:04:45.667Z"}
{"level":"info","message":"Looking up pages...","timestamp":"2014-11-23T08:04:45.668Z"}
{"level":"info","message":"MIME type is application/javascript","timestamp":"2014-11-23T08:04:45.671Z"}
{"level":"info","message":"**** NEW REQUEST ****","timestamp":"2014-11-23T08:04:45.672Z"}
{"level":"info","message":"REQ GET: /fluff/js/fluff.js from 127.0.0.1","timestamp":"2014-11-23T08:04:45.672Z"}
{"level":"info","message":"REQ BODY: {\"password\":\"[private]\",\"confirmPassword\":\"[private]\"}","timestamp":"2014-11-23T08:04:45.672Z"}
{"level":"info","message":"REQ HEADERS: {\"host\":\"localhost:3000\",\"accept-encoding\":\"gzip, deflate\",\"cookie\":\"connect.sid=s%3AMhj_5iZ7gJFwr59PiILrxJPY6Gr8obrU.Vt974gS4XNAqISuTo5xPnmfKMzQlZnHM6iMztPQXlnY\",\"connection\":\"keep-alive\",\"if-none-match\":\"W/\\\"6e2d-1154371771\\\"\",\"accept\":\"*/*\",\"if-modified-since\":\"Sun, 23 Nov 2014 03:12:05 GMT\",\"user-agent\":\"Mozilla/5.0 (Macintosh; Intel Mac OS X 10_10_1) AppleWebKit/600.2.2 (KHTML, like Gecko) Version/8.0.1 Safari/600.2.2\",\"referer\":\"http://localhost:3000/fluff/user/\",\"cache-control\":\"max-age=0\",\"accept-language\":\"en-us\"}","timestamp":"2014-11-23T08:04:45.673Z"}
{"level":"info","message":"REQ QUERY: {}","timestamp":"2014-11-23T08:04:45.673Z"}
{"level":"info","message":"EXTERNAL URL IS http://localhost:3000/fluff/js/fluff.js","timestamp":"2014-11-23T08:04:45.673Z"}
{"level":"info","message":"SSL IS [false]","timestamp":"2014-11-23T08:04:45.673Z"}
{"level":"info","message":"API key not required.","timestamp":"2014-11-23T08:04:45.673Z"}
{"level":"info","message":"CSRF on server: yWvyQX4X7w3CrEU2rIK3XGSW for session Mhj_5iZ7gJFwr59PiILrxJPY6Gr8obrU for user null","timestamp":"2014-11-23T08:04:45.673Z"}
{"level":"info","message":"CSRF from client: undefined","timestamp":"2014-11-23T08:04:45.673Z"}
{"level":"info","message":"CSRF NOT REQUIRED","timestamp":"2014-11-23T08:04:45.673Z"}
{"level":"info","message":"Looking up pages...","timestamp":"2014-11-23T08:04:45.673Z"}
{"level":"info","message":"MIME type is application/javascript","timestamp":"2014-11-23T08:04:45.675Z"}
{"level":"info","message":"**** NEW REQUEST ****","timestamp":"2014-11-23T08:04:45.726Z"}
{"level":"info","message":"REQ GET: /fluff/admin/api/auth from 127.0.0.1","timestamp":"2014-11-23T08:04:45.726Z"}
{"level":"info","message":"REQ BODY: {\"password\":\"[private]\",\"confirmPassword\":\"[private]\"}","timestamp":"2014-11-23T08:04:45.726Z"}
{"level":"info","message":"REQ HEADERS: {\"host\":\"localhost:3000\",\"accept-encoding\":\"gzip, deflate\",\"cookie\":\"connect.sid=s%3AMhj_5iZ7gJFwr59PiILrxJPY6Gr8obrU.Vt974gS4XNAqISuTo5xPnmfKMzQlZnHM6iMztPQXlnY\",\"connection\":\"keep-alive\",\"x-api-key\":\"1234567890\",\"if-none-match\":\"W/\\\"195-fcba8bcb\\\"\",\"accept\":\"application/json, text/javascript, */*; q=0.01\",\"user-agent\":\"Mozilla/5.0 (Macintosh; Intel Mac OS X 10_10_1) AppleWebKit/600.2.2 (KHTML, like Gecko) Version/8.0.1 Safari/600.2.2\",\"referer\":\"http://localhost:3000/fluff/user/\",\"accept-language\":\"en-us\",\"x-requested-with\":\"XMLHttpRequest\"}","timestamp":"2014-11-23T08:04:45.726Z"}
{"level":"info","message":"REQ QUERY: {}","timestamp":"2014-11-23T08:04:45.726Z"}
{"level":"info","message":"EXTERNAL URL IS http://localhost:3000/fluff/admin/api/auth","timestamp":"2014-11-23T08:04:45.726Z"}
{"level":"info","message":"SSL IS [false]","timestamp":"2014-11-23T08:04:45.726Z"}
{"level":"info","message":"API keys are 1234567890","timestamp":"2014-11-23T08:04:45.726Z"}
{"level":"info","message":"client API key is 1234567890","timestamp":"2014-11-23T08:04:45.726Z"}
{"level":"info","message":"API key OK.","timestamp":"2014-11-23T08:04:45.726Z"}
{"level":"info","message":"CSRF on server: yWvyQX4X7w3CrEU2rIK3XGSW for session Mhj_5iZ7gJFwr59PiILrxJPY6Gr8obrU for user null","timestamp":"2014-11-23T08:04:45.726Z"}
{"level":"info","message":"CSRF from client: undefined","timestamp":"2014-11-23T08:04:45.726Z"}
{"level":"info","message":"CSRF NOT REQUIRED","timestamp":"2014-11-23T08:04:45.726Z"}
{"level":"info","message":"**** NEW REQUEST ****","timestamp":"2014-11-23T08:04:45.734Z"}
{"level":"info","message":"REQ GET: /fluff/admin/api/users/info from 127.0.0.1","timestamp":"2014-11-23T08:04:45.734Z"}
{"level":"info","message":"REQ BODY: {\"password\":\"[private]\",\"confirmPassword\":\"[private]\"}","timestamp":"2014-11-23T08:04:45.734Z"}
{"level":"info","message":"REQ HEADERS: {\"host\":\"localhost:3000\",\"x-requested-with\":\"XMLHttpRequest\",\"accept-language\":\"en-us\",\"accept-encoding\":\"gzip, deflate\",\"if-none-match\":\"W/\\\"TQmprJDS+r7Ne40YbG94Fw==\\\"\",\"x-api-key\":\"1234567890\",\"cache-control\":\"max-age=0\",\"user-agent\":\"Mozilla/5.0 (Macintosh; Intel Mac OS X 10_10_1) AppleWebKit/600.2.2 (KHTML, like Gecko) Version/8.0.1 Safari/600.2.2\",\"connection\":\"keep-alive\",\"referer\":\"http://localhost:3000/fluff/user/\",\"accept\":\"application/json, text/javascript, */*; q=0.01\",\"cookie\":\"connect.sid=s%3AMhj_5iZ7gJFwr59PiILrxJPY6Gr8obrU.Vt974gS4XNAqISuTo5xPnmfKMzQlZnHM6iMztPQXlnY\"}","timestamp":"2014-11-23T08:04:45.734Z"}
{"level":"info","message":"REQ QUERY: {}","timestamp":"2014-11-23T08:04:45.734Z"}
{"level":"info","message":"EXTERNAL URL IS http://localhost:3000/fluff/admin/api/users/info","timestamp":"2014-11-23T08:04:45.734Z"}
{"level":"info","message":"SSL IS [false]","timestamp":"2014-11-23T08:04:45.734Z"}
{"level":"info","message":"API keys are 1234567890","timestamp":"2014-11-23T08:04:45.734Z"}
{"level":"info","message":"client API key is 1234567890","timestamp":"2014-11-23T08:04:45.734Z"}
{"level":"info","message":"API key OK.","timestamp":"2014-11-23T08:04:45.734Z"}
{"level":"info","message":"CSRF on server: yWvyQX4X7w3CrEU2rIK3XGSW for session Mhj_5iZ7gJFwr59PiILrxJPY6Gr8obrU for user null","timestamp":"2014-11-23T08:04:45.734Z"}
{"level":"info","message":"CSRF from client: undefined","timestamp":"2014-11-23T08:04:45.734Z"}
{"level":"info","message":"CSRF NOT REQUIRED","timestamp":"2014-11-23T08:04:45.735Z"}
{"level":"info","message":"**** NEW REQUEST ****","timestamp":"2014-11-23T08:04:45.811Z"}
{"level":"info","message":"REQ GET: /fluff/js/jquery-2.0.3.min.map from 127.0.0.1","timestamp":"2014-11-23T08:04:45.811Z"}
{"level":"info","message":"REQ BODY: {\"password\":\"[private]\",\"confirmPassword\":\"[private]\"}","timestamp":"2014-11-23T08:04:45.811Z"}
{"level":"info","message":"REQ HEADERS: {\"host\":\"localhost:3000\",\"accept\":\"*/*\",\"connection\":\"keep-alive\",\"cookie\":\"connect.sid=s%3AMhj_5iZ7gJFwr59PiILrxJPY6Gr8obrU.Vt974gS4XNAqISuTo5xPnmfKMzQlZnHM6iMztPQXlnY\",\"user-agent\":\"Mozilla/5.0 (Macintosh; Intel Mac OS X 10_10_1) AppleWebKit/600.2.2 (KHTML, like Gecko) Version/8.0.1 Safari/600.2.2\",\"accept-language\":\"en-us\",\"referer\":\"http://localhost:3000/fluff/user/\",\"accept-encoding\":\"gzip, deflate\"}","timestamp":"2014-11-23T08:04:45.811Z"}
{"level":"info","message":"REQ QUERY: {}","timestamp":"2014-11-23T08:04:45.811Z"}
{"level":"info","message":"EXTERNAL URL IS http://localhost:3000/fluff/js/jquery-2.0.3.min.map","timestamp":"2014-11-23T08:04:45.811Z"}
{"level":"info","message":"SSL IS [false]","timestamp":"2014-11-23T08:04:45.811Z"}
{"level":"info","message":"API key not required.","timestamp":"2014-11-23T08:04:45.812Z"}
{"level":"info","message":"CSRF on server: yWvyQX4X7w3CrEU2rIK3XGSW for session Mhj_5iZ7gJFwr59PiILrxJPY6Gr8obrU for user null","timestamp":"2014-11-23T08:04:45.812Z"}
{"level":"info","message":"CSRF from client: undefined","timestamp":"2014-11-23T08:04:45.812Z"}
{"level":"info","message":"CSRF NOT REQUIRED","timestamp":"2014-11-23T08:04:45.812Z"}
{"level":"info","message":"Looking up pages...","timestamp":"2014-11-23T08:04:45.812Z"}
{"level":"info","message":"MIME type is text/html","timestamp":"2014-11-23T08:04:45.812Z"}
{"level":"info","message":"**** NEW REQUEST ****","timestamp":"2014-11-23T08:04:45.830Z"}
{"level":"info","message":"REQ GET: /fluff/js/underscore-min.map from 127.0.0.1","timestamp":"2014-11-23T08:04:45.830Z"}
{"level":"info","message":"REQ BODY: {\"password\":\"[private]\",\"confirmPassword\":\"[private]\"}","timestamp":"2014-11-23T08:04:45.830Z"}
{"level":"info","message":"REQ HEADERS: {\"host\":\"localhost:3000\",\"accept\":\"*/*\",\"connection\":\"keep-alive\",\"cookie\":\"connect.sid=s%3AMhj_5iZ7gJFwr59PiILrxJPY6Gr8obrU.Vt974gS4XNAqISuTo5xPnmfKMzQlZnHM6iMztPQXlnY\",\"user-agent\":\"Mozilla/5.0 (Macintosh; Intel Mac OS X 10_10_1) AppleWebKit/600.2.2 (KHTML, like Gecko) Version/8.0.1 Safari/600.2.2\",\"accept-language\":\"en-us\",\"referer\":\"http://localhost:3000/fluff/user/\",\"accept-encoding\":\"gzip, deflate\"}","timestamp":"2014-11-23T08:04:45.830Z"}
{"level":"info","message":"REQ QUERY: {}","timestamp":"2014-11-23T08:04:45.830Z"}
{"level":"info","message":"EXTERNAL URL IS http://localhost:3000/fluff/js/underscore-min.map","timestamp":"2014-11-23T08:04:45.830Z"}
{"level":"info","message":"SSL IS [false]","timestamp":"2014-11-23T08:04:45.830Z"}
{"level":"info","message":"API key not required.","timestamp":"2014-11-23T08:04:45.830Z"}
{"level":"info","message":"CSRF on server: yWvyQX4X7w3CrEU2rIK3XGSW for session Mhj_5iZ7gJFwr59PiILrxJPY6Gr8obrU for user null","timestamp":"2014-11-23T08:04:45.831Z"}
{"level":"info","message":"CSRF from client: undefined","timestamp":"2014-11-23T08:04:45.831Z"}
{"level":"info","message":"CSRF NOT REQUIRED","timestamp":"2014-11-23T08:04:45.831Z"}
{"level":"info","message":"Looking up pages...","timestamp":"2014-11-23T08:04:45.831Z"}
{"level":"info","message":"MIME type is text/html","timestamp":"2014-11-23T08:04:45.832Z"}
{"level":"info","message":"**** NEW REQUEST ****","timestamp":"2014-11-23T08:04:45.838Z"}
{"level":"info","message":"REQ GET: /fluff/js/backbone-min.map from 127.0.0.1","timestamp":"2014-11-23T08:04:45.838Z"}
{"level":"info","message":"REQ BODY: {\"password\":\"[private]\",\"confirmPassword\":\"[private]\"}","timestamp":"2014-11-23T08:04:45.838Z"}
{"level":"info","message":"REQ HEADERS: {\"host\":\"localhost:3000\",\"accept\":\"*/*\",\"connection\":\"keep-alive\",\"cookie\":\"connect.sid=s%3AMhj_5iZ7gJFwr59PiILrxJPY6Gr8obrU.Vt974gS4XNAqISuTo5xPnmfKMzQlZnHM6iMztPQXlnY\",\"user-agent\":\"Mozilla/5.0 (Macintosh; Intel Mac OS X 10_10_1) AppleWebKit/600.2.2 (KHTML, like Gecko) Version/8.0.1 Safari/600.2.2\",\"accept-language\":\"en-us\",\"referer\":\"http://localhost:3000/fluff/user/\",\"accept-encoding\":\"gzip, deflate\"}","timestamp":"2014-11-23T08:04:45.838Z"}
{"level":"info","message":"REQ QUERY: {}","timestamp":"2014-11-23T08:04:45.838Z"}
{"level":"info","message":"EXTERNAL URL IS http://localhost:3000/fluff/js/backbone-min.map","timestamp":"2014-11-23T08:04:45.838Z"}
{"level":"info","message":"SSL IS [false]","timestamp":"2014-11-23T08:04:45.838Z"}
{"level":"info","message":"API key not required.","timestamp":"2014-11-23T08:04:45.838Z"}
{"level":"info","message":"CSRF on server: yWvyQX4X7w3CrEU2rIK3XGSW for session Mhj_5iZ7gJFwr59PiILrxJPY6Gr8obrU for user null","timestamp":"2014-11-23T08:04:45.838Z"}
{"level":"info","message":"CSRF from client: undefined","timestamp":"2014-11-23T08:04:45.839Z"}
{"level":"info","message":"CSRF NOT REQUIRED","timestamp":"2014-11-23T08:04:45.839Z"}
{"level":"info","message":"Looking up pages...","timestamp":"2014-11-23T08:04:45.839Z"}
{"level":"info","message":"MIME type is text/html","timestamp":"2014-11-23T08:04:45.839Z"}
{"level":"info","message":"**** NEW REQUEST ****","timestamp":"2014-11-23T08:04:49.095Z"}
{"level":"info","message":"REQ POST: /fluff/admin/api/auth from 127.0.0.1","timestamp":"2014-11-23T08:04:49.095Z"}
{"level":"info","message":"REQ BODY: {\"auth\":false,\"_csrf\":\"\",\"site\":{\"name\":\"Web Site\",\"fluff_path\":\"/fluff\",\"apikey\":{\"required\":true},\"captcha\":{\"required\":false,\"recaptcha_key\":\"6LfEWu4SAAAAAFYvmd9uZ-WvUXl6PLQ0bX4LIUaT\"}},\"email\":\"sefs@slkddf.com\",\"password\":\"[private]\",\"confirmPassword\":\"[private]\"}","timestamp":"2014-11-23T08:04:49.095Z"}
{"level":"info","message":"REQ HEADERS: {\"host\":\"localhost:3000\",\"accept\":\"application/json, text/javascript, */*; q=0.01\",\"x-requested-with\":\"XMLHttpRequest\",\"accept-encoding\":\"gzip, deflate\",\"x-api-key\":\"1234567890\",\"accept-language\":\"en-us\",\"content-type\":\"application/json\",\"origin\":\"http://localhost:3000\",\"user-agent\":\"Mozilla/5.0 (Macintosh; Intel Mac OS X 10_10_1) AppleWebKit/600.2.2 (KHTML, like Gecko) Version/8.0.1 Safari/600.2.2\",\"referer\":\"http://localhost:3000/fluff/user/\",\"content-length\":\"231\",\"connection\":\"keep-alive\",\"x-csrf-token\":\"\",\"cookie\":\"connect.sid=s%3AMhj_5iZ7gJFwr59PiILrxJPY6Gr8obrU.Vt974gS4XNAqISuTo5xPnmfKMzQlZnHM6iMztPQXlnY\"}","timestamp":"2014-11-23T08:04:49.095Z"}
{"level":"info","message":"REQ QUERY: {}","timestamp":"2014-11-23T08:04:49.095Z"}
{"level":"info","message":"EXTERNAL URL IS http://localhost:3000/fluff/admin/api/auth","timestamp":"2014-11-23T08:04:49.095Z"}
{"level":"info","message":"SSL IS [false]","timestamp":"2014-11-23T08:04:49.095Z"}
{"level":"info","message":"API keys are 1234567890","timestamp":"2014-11-23T08:04:49.095Z"}
{"level":"info","message":"client API key is 1234567890","timestamp":"2014-11-23T08:04:49.095Z"}
{"level":"info","message":"API key OK.","timestamp":"2014-11-23T08:04:49.096Z"}
{"level":"info","message":"CSRF on server: yWvyQX4X7w3CrEU2rIK3XGSW for session Mhj_5iZ7gJFwr59PiILrxJPY6Gr8obrU for user null","timestamp":"2014-11-23T08:04:49.096Z"}
{"level":"info","message":"CSRF from client: ","timestamp":"2014-11-23T08:04:49.096Z"}
{"level":"info","message":"CSRF NOT REQUIRED","timestamp":"2014-11-23T08:04:49.096Z"}
{"level":"info","message":"Authenticating a user...","timestamp":"2014-11-23T08:04:49.096Z"}
{"level":"info","message":"LOGIN ERR: \"User does not exist.\"","timestamp":"2014-11-23T08:04:49.097Z"}
{"level":"info","message":"User does not exist.","timestamp":"2014-11-23T08:04:49.097Z"}
